<?xml version="1.0" encoding="UTF-8"?>
<coverage generated="1643686147845" clover="3.2.0">
  <project timestamp="1643686147845" name="All files">
    <metrics statements="180" coveredstatements="176" conditionals="90" coveredconditionals="84" methods="58" coveredmethods="55" elements="328" coveredelements="315" complexity="0" loc="180" ncloc="180" packages="23" files="23" classes="23"/>
    <package name="atoms.icons">
      <metrics statements="2" coveredstatements="2" conditionals="0" coveredconditionals="0" methods="1" coveredmethods="1"/>
      <file name="index.tsx" path="/home/sowmga/Desktop/zemoso-training/blinkist/blinkist/src/components/atoms/icons/index.tsx">
        <metrics statements="2" coveredstatements="2" conditionals="0" coveredconditionals="0" methods="1" coveredmethods="1"/>
        <line num="4" count="6" type="stmt"/>
        <line num="5" count="12" type="stmt"/>
      </file>
    </package>
    <package name="atoms.images">
      <metrics statements="3" coveredstatements="3" conditionals="0" coveredconditionals="0" methods="1" coveredmethods="1"/>
      <file name="index.tsx" path="/home/sowmga/Desktop/zemoso-training/blinkist/blinkist/src/components/atoms/images/index.tsx">
        <metrics statements="3" coveredstatements="3" conditionals="0" coveredconditionals="0" methods="1" coveredmethods="1"/>
        <line num="7" count="11" type="stmt"/>
        <line num="8" count="42" type="stmt"/>
        <line num="12" count="42" type="stmt"/>
      </file>
    </package>
    <package name="atoms.text">
      <metrics statements="4" coveredstatements="4" conditionals="0" coveredconditionals="0" methods="1" coveredmethods="1"/>
      <file name="index.tsx" path="/home/sowmga/Desktop/zemoso-training/blinkist/blinkist/src/components/atoms/text/index.tsx">
        <metrics statements="4" coveredstatements="4" conditionals="0" coveredconditionals="0" methods="1" coveredmethods="1"/>
        <line num="14" count="15" type="stmt"/>
        <line num="15" count="561" type="stmt"/>
        <line num="23" count="561" type="stmt"/>
        <line num="24" count="561" type="stmt"/>
      </file>
    </package>
    <package name="molecules.BookDetail">
      <metrics statements="6" coveredstatements="6" conditionals="0" coveredconditionals="0" methods="1" coveredmethods="1"/>
      <file name="index.tsx" path="/home/sowmga/Desktop/zemoso-training/blinkist/blinkist/src/components/molecules/BookDetail/index.tsx">
        <metrics statements="6" coveredstatements="6" conditionals="0" coveredconditionals="0" methods="1" coveredmethods="1"/>
        <line num="5" count="4" type="stmt"/>
        <line num="18" count="4" type="stmt"/>
        <line num="26" count="13" type="stmt"/>
        <line num="27" count="13" type="stmt"/>
        <line num="28" count="13" type="stmt"/>
        <line num="29" count="13" type="stmt"/>
      </file>
    </package>
    <package name="molecules.LogOUtButton">
      <metrics statements="2" coveredstatements="2" conditionals="2" coveredconditionals="2" methods="1" coveredmethods="1"/>
      <file name="index.tsx" path="/home/sowmga/Desktop/zemoso-training/blinkist/blinkist/src/components/molecules/LogOUtButton/index.tsx">
        <metrics statements="2" coveredstatements="2" conditionals="2" coveredconditionals="2" methods="1" coveredmethods="1"/>
        <line num="8" count="6" type="stmt"/>
        <line num="9" count="1" type="stmt"/>
      </file>
    </package>
    <package name="molecules.LoginButton">
      <metrics statements="3" coveredstatements="3" conditionals="0" coveredconditionals="0" methods="1" coveredmethods="1"/>
      <file name="index.tsx" path="/home/sowmga/Desktop/zemoso-training/blinkist/blinkist/src/components/molecules/LoginButton/index.tsx">
        <metrics statements="3" coveredstatements="3" conditionals="0" coveredconditionals="0" methods="1" coveredmethods="1"/>
        <line num="5" count="5" type="stmt"/>
        <line num="6" count="11" type="stmt"/>
        <line num="7" count="11" type="stmt"/>
      </file>
    </package>
    <package name="molecules.ReadAgain">
      <metrics statements="4" coveredstatements="4" conditionals="0" coveredconditionals="0" methods="1" coveredmethods="1"/>
      <file name="index.tsx" path="/home/sowmga/Desktop/zemoso-training/blinkist/blinkist/src/components/molecules/ReadAgain/index.tsx">
        <metrics statements="4" coveredstatements="4" conditionals="0" coveredconditionals="0" methods="1" coveredmethods="1"/>
        <line num="4" count="6" type="stmt"/>
        <line num="5" count="3" type="stmt"/>
        <line num="18" count="3" type="stmt"/>
        <line num="19" count="3" type="stmt"/>
      </file>
    </package>
    <package name="molecules.banner">
      <metrics statements="4" coveredstatements="4" conditionals="0" coveredconditionals="0" methods="1" coveredmethods="1"/>
      <file name="index.tsx" path="/home/sowmga/Desktop/zemoso-training/blinkist/blinkist/src/components/molecules/banner/index.tsx">
        <metrics statements="4" coveredstatements="4" conditionals="0" coveredconditionals="0" methods="1" coveredmethods="1"/>
        <line num="5" count="4" type="stmt"/>
        <line num="24" count="4" type="stmt"/>
        <line num="25" count="13" type="stmt"/>
        <line num="26" count="13" type="stmt"/>
      </file>
    </package>
    <package name="molecules.bookCard">
      <metrics statements="15" coveredstatements="15" conditionals="10" coveredconditionals="10" methods="1" coveredmethods="1"/>
      <file name="index.tsx" path="/home/sowmga/Desktop/zemoso-training/blinkist/blinkist/src/components/molecules/bookCard/index.tsx">
        <metrics statements="15" coveredstatements="15" conditionals="10" coveredconditionals="10" methods="1" coveredmethods="1"/>
        <line num="19" count="6" type="stmt"/>
        <line num="63" count="6" type="stmt"/>
        <line num="64" count="59" type="stmt"/>
        <line num="66" count="59" type="cond" truecount="2" falsecount="0"/>
        <line num="67" count="16" type="stmt"/>
        <line num="69" count="59" type="cond" truecount="2" falsecount="0"/>
        <line num="70" count="15" type="stmt"/>
        <line num="72" count="59" type="cond" truecount="2" falsecount="0"/>
        <line num="73" count="3" type="stmt"/>
        <line num="75" count="59" type="cond" truecount="2" falsecount="0"/>
        <line num="76" count="25" type="stmt"/>
        <line num="78" count="59" type="stmt"/>
        <line num="79" count="59" type="cond" truecount="2" falsecount="0"/>
        <line num="80" count="24" type="stmt"/>
        <line num="93" count="59" type="stmt"/>
      </file>
    </package>
    <package name="molecules.finished">
      <metrics statements="4" coveredstatements="4" conditionals="0" coveredconditionals="0" methods="1" coveredmethods="1"/>
      <file name="index.tsx" path="/home/sowmga/Desktop/zemoso-training/blinkist/blinkist/src/components/molecules/finished/index.tsx">
        <metrics statements="4" coveredstatements="4" conditionals="0" coveredconditionals="0" methods="1" coveredmethods="1"/>
        <line num="4" count="6" type="stmt"/>
        <line num="5" count="15" type="stmt"/>
        <line num="23" count="15" type="stmt"/>
        <line num="24" count="15" type="stmt"/>
      </file>
    </package>
    <package name="molecules.nonHoverButton">
      <metrics statements="4" coveredstatements="4" conditionals="0" coveredconditionals="0" methods="1" coveredmethods="1"/>
      <file name="index.tsx" path="/home/sowmga/Desktop/zemoso-training/blinkist/blinkist/src/components/molecules/nonHoverButton/index.tsx">
        <metrics statements="4" coveredstatements="4" conditionals="0" coveredconditionals="0" methods="1" coveredmethods="1"/>
        <line num="6" count="6" type="stmt"/>
        <line num="7" count="25" type="stmt"/>
        <line num="29" count="25" type="stmt"/>
        <line num="30" count="25" type="stmt"/>
      </file>
    </package>
    <package name="molecules.normalCardBottom">
      <metrics statements="4" coveredstatements="4" conditionals="0" coveredconditionals="0" methods="1" coveredmethods="1"/>
      <file name="index.tsx" path="/home/sowmga/Desktop/zemoso-training/blinkist/blinkist/src/components/molecules/normalCardBottom/index.tsx">
        <metrics statements="4" coveredstatements="4" conditionals="0" coveredconditionals="0" methods="1" coveredmethods="1"/>
        <line num="6" count="6" type="stmt"/>
        <line num="7" count="16" type="stmt"/>
        <line num="27" count="16" type="stmt"/>
        <line num="28" count="16" type="stmt"/>
      </file>
    </package>
    <package name="organisms.Accounts">
      <metrics statements="10" coveredstatements="8" conditionals="4" coveredconditionals="2" methods="3" coveredmethods="1"/>
      <file name="index.tsx" path="/home/sowmga/Desktop/zemoso-training/blinkist/blinkist/src/components/organisms/Accounts/index.tsx">
        <metrics statements="10" coveredstatements="8" conditionals="4" coveredconditionals="2" methods="3" coveredmethods="1"/>
        <line num="8" count="5" type="stmt"/>
        <line num="26" count="11" type="stmt"/>
        <line num="27" count="11" type="stmt"/>
        <line num="30" count="11" type="stmt"/>
        <line num="31" count="11" type="stmt"/>
        <line num="32" count="0" type="stmt"/>
        <line num="34" count="11" type="stmt"/>
        <line num="35" count="0" type="stmt"/>
        <line num="37" count="11" type="stmt"/>
        <line num="38" count="11" type="stmt"/>
      </file>
    </package>
    <package name="organisms.BookDetailOrganism">
      <metrics statements="31" coveredstatements="30" conditionals="20" coveredconditionals="19" methods="9" coveredmethods="9"/>
      <file name="index.tsx" path="/home/sowmga/Desktop/zemoso-training/blinkist/blinkist/src/components/organisms/BookDetailOrganism/index.tsx">
        <metrics statements="31" coveredstatements="30" conditionals="20" coveredconditionals="19" methods="9" coveredmethods="9"/>
        <line num="9" count="3" type="stmt"/>
        <line num="69" count="3" type="stmt"/>
        <line num="73" count="13" type="stmt"/>
        <line num="74" count="13" type="stmt"/>
        <line num="75" count="13" type="stmt"/>
        <line num="76" count="13" type="stmt"/>
        <line num="78" count="13" type="cond" truecount="2" falsecount="0"/>
        <line num="81" count="24" type="cond" truecount="1" falsecount="1"/>
        <line num="82" count="0" type="stmt"/>
        <line num="86" count="13" type="stmt"/>
        <line num="87" count="13" type="stmt"/>
        <line num="88" count="13" type="stmt"/>
        <line num="89" count="13" type="stmt"/>
        <line num="90" count="13" type="stmt"/>
        <line num="92" count="13" type="cond" truecount="2" falsecount="0"/>
        <line num="93" count="12" type="stmt"/>
        <line num="94" count="12" type="stmt"/>
        <line num="95" count="12" type="stmt"/>
        <line num="96" count="12" type="stmt"/>
        <line num="98" count="13" type="stmt"/>
        <line num="99" count="13" type="stmt"/>
        <line num="100" count="1" type="stmt"/>
        <line num="102" count="13" type="stmt"/>
        <line num="103" count="1" type="stmt"/>
        <line num="105" count="13" type="stmt"/>
        <line num="106" count="39" type="stmt"/>
        <line num="116" count="13" type="stmt"/>
        <line num="150" count="1" type="stmt"/>
        <line num="160" count="1" type="stmt"/>
        <line num="169" count="1" type="stmt"/>
        <line num="178" count="1" type="stmt"/>
      </file>
    </package>
    <package name="organisms.EntrepreneurOrganism">
      <metrics statements="23" coveredstatements="22" conditionals="18" coveredconditionals="17" methods="15" coveredmethods="14"/>
      <file name="index.tsx" path="/home/sowmga/Desktop/zemoso-training/blinkist/blinkist/src/components/organisms/EntrepreneurOrganism/index.tsx">
        <metrics statements="23" coveredstatements="22" conditionals="18" coveredconditionals="17" methods="15" coveredmethods="14"/>
        <line num="14" count="3" type="stmt"/>
        <line num="32" count="3" type="stmt"/>
        <line num="33" count="10" type="stmt"/>
        <line num="35" count="10" type="stmt"/>
        <line num="36" count="10" type="stmt"/>
        <line num="37" count="10" type="stmt"/>
        <line num="38" count="1" type="stmt"/>
        <line num="39" count="1" type="stmt"/>
        <line num="41" count="10" type="stmt"/>
        <line num="42" count="4" type="stmt"/>
        <line num="45" count="10" type="stmt"/>
        <line num="77" count="32" type="cond" truecount="2" falsecount="0"/>
        <line num="79" count="16" type="stmt"/>
        <line num="80" count="2" type="stmt"/>
        <line num="125" count="32" type="stmt"/>
        <line num="127" count="8" type="stmt"/>
        <line num="128" count="1" type="stmt"/>
        <line num="157" count="32" type="stmt"/>
        <line num="159" count="8" type="stmt"/>
        <line num="161" count="1" type="stmt"/>
        <line num="190" count="4" type="cond" truecount="2" falsecount="0"/>
        <line num="194" count="1" type="stmt"/>
        <line num="203" count="0" type="stmt"/>
      </file>
    </package>
    <package name="organisms.footer">
      <metrics statements="9" coveredstatements="9" conditionals="4" coveredconditionals="4" methods="2" coveredmethods="2"/>
      <file name="index.tsx" path="/home/sowmga/Desktop/zemoso-training/blinkist/blinkist/src/components/organisms/footer/index.tsx">
        <metrics statements="9" coveredstatements="9" conditionals="4" coveredconditionals="4" methods="2" coveredmethods="2"/>
        <line num="5" count="5" type="stmt"/>
        <line num="6" count="4" type="stmt"/>
        <line num="35" count="4" type="stmt"/>
        <line num="36" count="20" type="cond" truecount="2" falsecount="0"/>
        <line num="37" count="4" type="stmt"/>
        <line num="44" count="16" type="cond" truecount="2" falsecount="0"/>
        <line num="45" count="12" type="stmt"/>
        <line num="58" count="4" type="stmt"/>
        <line num="59" count="4" type="stmt"/>
      </file>
    </package>
    <package name="organisms.header">
      <metrics statements="11" coveredstatements="11" conditionals="6" coveredconditionals="5" methods="4" coveredmethods="4"/>
      <file name="index.tsx" path="/home/sowmga/Desktop/zemoso-training/blinkist/blinkist/src/components/organisms/header/index.tsx">
        <metrics statements="11" coveredstatements="11" conditionals="6" coveredconditionals="5" methods="4" coveredmethods="4"/>
        <line num="11" count="5" type="stmt"/>
        <line num="12" count="11" type="stmt"/>
        <line num="13" count="11" type="stmt"/>
        <line num="15" count="11" type="stmt"/>
        <line num="24" count="11" type="stmt"/>
        <line num="30" count="11" type="stmt"/>
        <line num="61" count="11" type="stmt"/>
        <line num="63" count="11" type="stmt"/>
        <line num="69" count="1" type="stmt"/>
        <line num="86" count="1" type="cond" truecount="1" falsecount="1"/>
        <line num="99" count="1" type="stmt"/>
      </file>
    </package>
    <package name="organisms.headerPopup">
      <metrics statements="6" coveredstatements="6" conditionals="0" coveredconditionals="0" methods="2" coveredmethods="2"/>
      <file name="index.tsx" path="/home/sowmga/Desktop/zemoso-training/blinkist/blinkist/src/components/organisms/headerPopup/index.tsx">
        <metrics statements="6" coveredstatements="6" conditionals="0" coveredconditionals="0" methods="2" coveredmethods="2"/>
        <line num="27" count="6" type="stmt"/>
        <line num="28" count="4" type="stmt"/>
        <line num="29" count="4" type="stmt"/>
        <line num="61" count="4" type="stmt"/>
        <line num="62" count="4" type="stmt"/>
        <line num="103" count="1" type="stmt"/>
      </file>
    </package>
    <package name="organisms.myLibrary">
      <metrics statements="25" coveredstatements="25" conditionals="26" coveredconditionals="25" methods="7" coveredmethods="7"/>
      <file name="index.tsx" path="/home/sowmga/Desktop/zemoso-training/blinkist/blinkist/src/components/organisms/myLibrary/index.tsx">
        <metrics statements="25" coveredstatements="25" conditionals="26" coveredconditionals="25" methods="7" coveredmethods="7"/>
        <line num="8" count="3" type="stmt"/>
        <line num="39" count="3" type="stmt"/>
        <line num="40" count="9" type="stmt"/>
        <line num="41" count="9" type="stmt"/>
        <line num="42" count="9" type="stmt"/>
        <line num="44" count="9" type="cond" truecount="2" falsecount="0"/>
        <line num="45" count="8" type="stmt"/>
        <line num="50" count="1" type="stmt"/>
        <line num="54" count="9" type="stmt"/>
        <line num="55" count="9" type="stmt"/>
        <line num="56" count="3" type="stmt"/>
        <line num="60" count="9" type="stmt"/>
        <line num="61" count="23" type="stmt"/>
        <line num="70" count="3" type="stmt"/>
        <line num="84" count="9" type="stmt"/>
        <line num="100" count="1" type="stmt"/>
        <line num="101" count="1" type="stmt"/>
        <line num="127" count="1" type="stmt"/>
        <line num="128" count="1" type="stmt"/>
        <line num="174" count="24" type="cond" truecount="2" falsecount="0"/>
        <line num="175" count="8" type="cond" truecount="2" falsecount="0"/>
        <line num="177" count="16" type="cond" truecount="4" falsecount="0"/>
        <line num="178" count="2" type="cond" truecount="2" falsecount="0"/>
        <line num="180" count="14" type="cond" truecount="3" falsecount="1"/>
        <line num="181" count="14" type="stmt"/>
      </file>
    </package>
    <package name="pages.BookDetailPage">
      <metrics statements="2" coveredstatements="2" conditionals="0" coveredconditionals="0" methods="1" coveredmethods="1"/>
      <file name="index.tsx" path="/home/sowmga/Desktop/zemoso-training/blinkist/blinkist/src/components/pages/BookDetailPage/index.tsx">
        <metrics statements="2" coveredstatements="2" conditionals="0" coveredconditionals="0" methods="1" coveredmethods="1"/>
        <line num="17" count="2" type="stmt"/>
        <line num="18" count="1" type="stmt"/>
      </file>
    </package>
    <package name="pages.MyLibrary">
      <metrics statements="2" coveredstatements="2" conditionals="0" coveredconditionals="0" methods="1" coveredmethods="1"/>
      <file name="index.tsx" path="/home/sowmga/Desktop/zemoso-training/blinkist/blinkist/src/components/pages/MyLibrary/index.tsx">
        <metrics statements="2" coveredstatements="2" conditionals="0" coveredconditionals="0" methods="1" coveredmethods="1"/>
        <line num="16" count="2" type="stmt"/>
        <line num="17" count="1" type="stmt"/>
      </file>
    </package>
    <package name="pages.enterpreuner">
      <metrics statements="2" coveredstatements="2" conditionals="0" coveredconditionals="0" methods="1" coveredmethods="1"/>
      <file name="index.tsx" path="/home/sowmga/Desktop/zemoso-training/blinkist/blinkist/src/components/pages/enterpreuner/index.tsx">
        <metrics statements="2" coveredstatements="2" conditionals="0" coveredconditionals="0" methods="1" coveredmethods="1"/>
        <line num="17" count="2" type="stmt"/>
        <line num="18" count="1" type="stmt"/>
      </file>
    </package>
    <package name="templates.parent template">
      <metrics statements="4" coveredstatements="4" conditionals="0" coveredconditionals="0" methods="1" coveredmethods="1"/>
      <file name="index.tsx" path="/home/sowmga/Desktop/zemoso-training/blinkist/blinkist/src/components/templates/parent template/index.tsx">
        <metrics statements="4" coveredstatements="4" conditionals="0" coveredconditionals="0" methods="1" coveredmethods="1"/>
        <line num="4" count="4" type="stmt"/>
        <line num="29" count="4" type="stmt"/>
        <line num="30" count="3" type="stmt"/>
        <line num="31" count="3" type="stmt"/>
      </file>
    </package>
  </project>
</coverage>
