<?xml version="1.0" encoding="UTF-8"?>
<coverage generated="1643471884037" clover="3.2.0">
  <project timestamp="1643471884037" name="All files">
    <metrics statements="168" coveredstatements="165" conditionals="84" coveredconditionals="78" methods="52" coveredmethods="50" elements="304" coveredelements="293" complexity="0" loc="168" ncloc="168" packages="20" files="20" classes="20"/>
    <package name="atoms.icons">
      <metrics statements="2" coveredstatements="2" conditionals="0" coveredconditionals="0" methods="1" coveredmethods="1"/>
      <file name="index.tsx" path="/home/sowmga/Desktop/zemoso-training/blinkist/blinkist/src/components/atoms/icons/index.tsx">
        <metrics statements="2" coveredstatements="2" conditionals="0" coveredconditionals="0" methods="1" coveredmethods="1"/>
        <line num="4" count="6" type="stmt"/>
        <line num="5" count="19" type="stmt"/>
      </file>
    </package>
    <package name="atoms.images">
      <metrics statements="3" coveredstatements="3" conditionals="0" coveredconditionals="0" methods="1" coveredmethods="1"/>
      <file name="index.tsx" path="/home/sowmga/Desktop/zemoso-training/blinkist/blinkist/src/components/atoms/images/index.tsx">
        <metrics statements="3" coveredstatements="3" conditionals="0" coveredconditionals="0" methods="1" coveredmethods="1"/>
        <line num="7" count="11" type="stmt"/>
        <line num="8" count="39" type="stmt"/>
        <line num="12" count="39" type="stmt"/>
      </file>
    </package>
    <package name="atoms.text">
      <metrics statements="4" coveredstatements="4" conditionals="0" coveredconditionals="0" methods="1" coveredmethods="1"/>
      <file name="index.tsx" path="/home/sowmga/Desktop/zemoso-training/blinkist/blinkist/src/components/atoms/text/index.tsx">
        <metrics statements="4" coveredstatements="4" conditionals="0" coveredconditionals="0" methods="1" coveredmethods="1"/>
        <line num="14" count="14" type="stmt"/>
        <line num="15" count="508" type="stmt"/>
        <line num="23" count="508" type="stmt"/>
        <line num="24" count="508" type="stmt"/>
      </file>
    </package>
    <package name="molecules.BookDetail">
      <metrics statements="7" coveredstatements="7" conditionals="0" coveredconditionals="0" methods="1" coveredmethods="1"/>
      <file name="index.tsx" path="/home/sowmga/Desktop/zemoso-training/blinkist/blinkist/src/components/molecules/BookDetail/index.tsx">
        <metrics statements="7" coveredstatements="7" conditionals="0" coveredconditionals="0" methods="1" coveredmethods="1"/>
        <line num="5" count="4" type="stmt"/>
        <line num="19" count="4" type="stmt"/>
        <line num="27" count="13" type="stmt"/>
        <line num="28" count="13" type="stmt"/>
        <line num="29" count="13" type="stmt"/>
        <line num="30" count="13" type="stmt"/>
        <line num="31" count="13" type="stmt"/>
      </file>
    </package>
    <package name="molecules.ReadAgain">
      <metrics statements="4" coveredstatements="4" conditionals="0" coveredconditionals="0" methods="1" coveredmethods="1"/>
      <file name="index.tsx" path="/home/sowmga/Desktop/zemoso-training/blinkist/blinkist/src/components/molecules/ReadAgain/index.tsx">
        <metrics statements="4" coveredstatements="4" conditionals="0" coveredconditionals="0" methods="1" coveredmethods="1"/>
        <line num="4" count="6" type="stmt"/>
        <line num="5" count="3" type="stmt"/>
        <line num="19" count="3" type="stmt"/>
        <line num="20" count="3" type="stmt"/>
      </file>
    </package>
    <package name="molecules.banner">
      <metrics statements="4" coveredstatements="4" conditionals="0" coveredconditionals="0" methods="1" coveredmethods="1"/>
      <file name="index.tsx" path="/home/sowmga/Desktop/zemoso-training/blinkist/blinkist/src/components/molecules/banner/index.tsx">
        <metrics statements="4" coveredstatements="4" conditionals="0" coveredconditionals="0" methods="1" coveredmethods="1"/>
        <line num="5" count="4" type="stmt"/>
        <line num="27" count="4" type="stmt"/>
        <line num="28" count="12" type="stmt"/>
        <line num="29" count="12" type="stmt"/>
      </file>
    </package>
    <package name="molecules.bookCard">
      <metrics statements="15" coveredstatements="15" conditionals="10" coveredconditionals="10" methods="1" coveredmethods="1"/>
      <file name="index.tsx" path="/home/sowmga/Desktop/zemoso-training/blinkist/blinkist/src/components/molecules/bookCard/index.tsx">
        <metrics statements="15" coveredstatements="15" conditionals="10" coveredconditionals="10" methods="1" coveredmethods="1"/>
        <line num="19" count="6" type="stmt"/>
        <line num="65" count="6" type="stmt"/>
        <line num="66" count="48" type="stmt"/>
        <line num="68" count="48" type="cond" truecount="2" falsecount="0"/>
        <line num="69" count="8" type="stmt"/>
        <line num="71" count="48" type="cond" truecount="2" falsecount="0"/>
        <line num="72" count="15" type="stmt"/>
        <line num="74" count="48" type="cond" truecount="2" falsecount="0"/>
        <line num="75" count="3" type="stmt"/>
        <line num="77" count="48" type="cond" truecount="2" falsecount="0"/>
        <line num="78" count="22" type="stmt"/>
        <line num="80" count="48" type="stmt"/>
        <line num="81" count="48" type="cond" truecount="2" falsecount="0"/>
        <line num="82" count="14" type="stmt"/>
        <line num="91" count="48" type="stmt"/>
      </file>
    </package>
    <package name="molecules.finished">
      <metrics statements="4" coveredstatements="4" conditionals="0" coveredconditionals="0" methods="1" coveredmethods="1"/>
      <file name="index.tsx" path="/home/sowmga/Desktop/zemoso-training/blinkist/blinkist/src/components/molecules/finished/index.tsx">
        <metrics statements="4" coveredstatements="4" conditionals="0" coveredconditionals="0" methods="1" coveredmethods="1"/>
        <line num="4" count="6" type="stmt"/>
        <line num="5" count="15" type="stmt"/>
        <line num="23" count="15" type="stmt"/>
        <line num="24" count="15" type="stmt"/>
      </file>
    </package>
    <package name="molecules.nonHoverButton">
      <metrics statements="4" coveredstatements="4" conditionals="0" coveredconditionals="0" methods="1" coveredmethods="1"/>
      <file name="index.tsx" path="/home/sowmga/Desktop/zemoso-training/blinkist/blinkist/src/components/molecules/nonHoverButton/index.tsx">
        <metrics statements="4" coveredstatements="4" conditionals="0" coveredconditionals="0" methods="1" coveredmethods="1"/>
        <line num="6" count="6" type="stmt"/>
        <line num="7" count="22" type="stmt"/>
        <line num="29" count="22" type="stmt"/>
        <line num="30" count="22" type="stmt"/>
      </file>
    </package>
    <package name="molecules.normalCardBottom">
      <metrics statements="4" coveredstatements="4" conditionals="0" coveredconditionals="0" methods="1" coveredmethods="1"/>
      <file name="index.tsx" path="/home/sowmga/Desktop/zemoso-training/blinkist/blinkist/src/components/molecules/normalCardBottom/index.tsx">
        <metrics statements="4" coveredstatements="4" conditionals="0" coveredconditionals="0" methods="1" coveredmethods="1"/>
        <line num="6" count="6" type="stmt"/>
        <line num="7" count="8" type="stmt"/>
        <line num="29" count="8" type="stmt"/>
        <line num="30" count="8" type="stmt"/>
      </file>
    </package>
    <package name="organisms.BookDetailOrganism">
      <metrics statements="32" coveredstatements="31" conditionals="20" coveredconditionals="19" methods="9" coveredmethods="9"/>
      <file name="index.tsx" path="/home/sowmga/Desktop/zemoso-training/blinkist/blinkist/src/components/organisms/BookDetailOrganism/index.tsx">
        <metrics statements="32" coveredstatements="31" conditionals="20" coveredconditionals="19" methods="9" coveredmethods="9"/>
        <line num="9" count="3" type="stmt"/>
        <line num="69" count="3" type="stmt"/>
        <line num="73" count="13" type="stmt"/>
        <line num="74" count="13" type="stmt"/>
        <line num="75" count="13" type="stmt"/>
        <line num="76" count="13" type="stmt"/>
        <line num="78" count="13" type="cond" truecount="2" falsecount="0"/>
        <line num="81" count="24" type="cond" truecount="1" falsecount="1"/>
        <line num="82" count="0" type="stmt"/>
        <line num="86" count="13" type="stmt"/>
        <line num="87" count="13" type="stmt"/>
        <line num="88" count="13" type="stmt"/>
        <line num="89" count="13" type="stmt"/>
        <line num="90" count="13" type="stmt"/>
        <line num="92" count="13" type="cond" truecount="2" falsecount="0"/>
        <line num="93" count="12" type="stmt"/>
        <line num="94" count="12" type="stmt"/>
        <line num="95" count="12" type="stmt"/>
        <line num="96" count="12" type="stmt"/>
        <line num="98" count="13" type="stmt"/>
        <line num="99" count="13" type="stmt"/>
        <line num="100" count="13" type="stmt"/>
        <line num="101" count="1" type="stmt"/>
        <line num="103" count="13" type="stmt"/>
        <line num="104" count="1" type="stmt"/>
        <line num="106" count="13" type="stmt"/>
        <line num="107" count="39" type="stmt"/>
        <line num="117" count="13" type="stmt"/>
        <line num="151" count="1" type="stmt"/>
        <line num="161" count="1" type="stmt"/>
        <line num="170" count="1" type="stmt"/>
        <line num="179" count="1" type="stmt"/>
      </file>
    </package>
    <package name="organisms.EntrepreneurOrganism">
      <metrics statements="24" coveredstatements="22" conditionals="18" coveredconditionals="15" methods="15" coveredmethods="13"/>
      <file name="index.tsx" path="/home/sowmga/Desktop/zemoso-training/blinkist/blinkist/src/components/organisms/EntrepreneurOrganism/index.tsx">
        <metrics statements="24" coveredstatements="22" conditionals="18" coveredconditionals="15" methods="15" coveredmethods="13"/>
        <line num="14" count="3" type="stmt"/>
        <line num="32" count="3" type="stmt"/>
        <line num="33" count="9" type="stmt"/>
        <line num="35" count="9" type="stmt"/>
        <line num="36" count="9" type="stmt"/>
        <line num="37" count="9" type="stmt"/>
        <line num="38" count="1" type="stmt"/>
        <line num="39" count="1" type="stmt"/>
        <line num="40" count="1" type="stmt"/>
        <line num="42" count="9" type="stmt"/>
        <line num="43" count="3" type="stmt"/>
        <line num="46" count="9" type="stmt"/>
        <line num="78" count="21" type="cond" truecount="2" falsecount="0"/>
        <line num="80" count="7" type="stmt"/>
        <line num="81" count="1" type="stmt"/>
        <line num="126" count="21" type="stmt"/>
        <line num="128" count="7" type="stmt"/>
        <line num="129" count="1" type="stmt"/>
        <line num="158" count="21" type="stmt"/>
        <line num="160" count="7" type="stmt"/>
        <line num="162" count="1" type="stmt"/>
        <line num="191" count="3" type="cond" truecount="2" falsecount="0"/>
        <line num="195" count="0" type="stmt"/>
        <line num="204" count="0" type="stmt"/>
      </file>
    </package>
    <package name="organisms.footer">
      <metrics statements="9" coveredstatements="9" conditionals="4" coveredconditionals="4" methods="2" coveredmethods="2"/>
      <file name="index.tsx" path="/home/sowmga/Desktop/zemoso-training/blinkist/blinkist/src/components/organisms/footer/index.tsx">
        <metrics statements="9" coveredstatements="9" conditionals="4" coveredconditionals="4" methods="2" coveredmethods="2"/>
        <line num="5" count="5" type="stmt"/>
        <line num="6" count="4" type="stmt"/>
        <line num="35" count="4" type="stmt"/>
        <line num="36" count="20" type="cond" truecount="2" falsecount="0"/>
        <line num="37" count="4" type="stmt"/>
        <line num="44" count="16" type="cond" truecount="2" falsecount="0"/>
        <line num="45" count="12" type="stmt"/>
        <line num="58" count="4" type="stmt"/>
        <line num="59" count="4" type="stmt"/>
      </file>
    </package>
    <package name="organisms.header">
      <metrics statements="10" coveredstatements="10" conditionals="6" coveredconditionals="5" methods="3" coveredmethods="3"/>
      <file name="index.tsx" path="/home/sowmga/Desktop/zemoso-training/blinkist/blinkist/src/components/organisms/header/index.tsx">
        <metrics statements="10" coveredstatements="10" conditionals="6" coveredconditionals="5" methods="3" coveredmethods="3"/>
        <line num="11" count="5" type="stmt"/>
        <line num="12" count="9" type="stmt"/>
        <line num="13" count="9" type="stmt"/>
        <line num="15" count="9" type="stmt"/>
        <line num="24" count="9" type="stmt"/>
        <line num="30" count="9" type="stmt"/>
        <line num="61" count="9" type="stmt"/>
        <line num="63" count="9" type="stmt"/>
        <line num="69" count="1" type="stmt"/>
        <line num="86" count="1" type="cond" truecount="1" falsecount="1"/>
      </file>
    </package>
    <package name="organisms.headerPopup">
      <metrics statements="6" coveredstatements="6" conditionals="0" coveredconditionals="0" methods="2" coveredmethods="2"/>
      <file name="index.tsx" path="/home/sowmga/Desktop/zemoso-training/blinkist/blinkist/src/components/organisms/headerPopup/index.tsx">
        <metrics statements="6" coveredstatements="6" conditionals="0" coveredconditionals="0" methods="2" coveredmethods="2"/>
        <line num="27" count="6" type="stmt"/>
        <line num="28" count="4" type="stmt"/>
        <line num="29" count="4" type="stmt"/>
        <line num="61" count="4" type="stmt"/>
        <line num="62" count="4" type="stmt"/>
        <line num="103" count="1" type="stmt"/>
      </file>
    </package>
    <package name="organisms.myLibrary">
      <metrics statements="26" coveredstatements="26" conditionals="26" coveredconditionals="25" methods="7" coveredmethods="7"/>
      <file name="index.tsx" path="/home/sowmga/Desktop/zemoso-training/blinkist/blinkist/src/components/organisms/myLibrary/index.tsx">
        <metrics statements="26" coveredstatements="26" conditionals="26" coveredconditionals="25" methods="7" coveredmethods="7"/>
        <line num="8" count="3" type="stmt"/>
        <line num="39" count="3" type="stmt"/>
        <line num="40" count="10" type="stmt"/>
        <line num="41" count="9" type="stmt"/>
        <line num="42" count="9" type="stmt"/>
        <line num="44" count="9" type="cond" truecount="2" falsecount="0"/>
        <line num="45" count="8" type="stmt"/>
        <line num="50" count="1" type="stmt"/>
        <line num="54" count="9" type="stmt"/>
        <line num="55" count="9" type="stmt"/>
        <line num="56" count="3" type="stmt"/>
        <line num="57" count="3" type="stmt"/>
        <line num="61" count="9" type="stmt"/>
        <line num="62" count="23" type="stmt"/>
        <line num="71" count="3" type="stmt"/>
        <line num="85" count="9" type="stmt"/>
        <line num="101" count="1" type="stmt"/>
        <line num="102" count="1" type="stmt"/>
        <line num="128" count="1" type="stmt"/>
        <line num="129" count="1" type="stmt"/>
        <line num="175" count="24" type="cond" truecount="2" falsecount="0"/>
        <line num="176" count="8" type="cond" truecount="2" falsecount="0"/>
        <line num="178" count="16" type="cond" truecount="4" falsecount="0"/>
        <line num="179" count="2" type="cond" truecount="2" falsecount="0"/>
        <line num="181" count="14" type="cond" truecount="3" falsecount="1"/>
        <line num="182" count="14" type="stmt"/>
      </file>
    </package>
    <package name="pages.BookDetailPage">
      <metrics statements="2" coveredstatements="2" conditionals="0" coveredconditionals="0" methods="1" coveredmethods="1"/>
      <file name="index.tsx" path="/home/sowmga/Desktop/zemoso-training/blinkist/blinkist/src/components/pages/BookDetailPage/index.tsx">
        <metrics statements="2" coveredstatements="2" conditionals="0" coveredconditionals="0" methods="1" coveredmethods="1"/>
        <line num="17" count="2" type="stmt"/>
        <line num="18" count="1" type="stmt"/>
      </file>
    </package>
    <package name="pages.MyLibrary">
      <metrics statements="2" coveredstatements="2" conditionals="0" coveredconditionals="0" methods="1" coveredmethods="1"/>
      <file name="index.tsx" path="/home/sowmga/Desktop/zemoso-training/blinkist/blinkist/src/components/pages/MyLibrary/index.tsx">
        <metrics statements="2" coveredstatements="2" conditionals="0" coveredconditionals="0" methods="1" coveredmethods="1"/>
        <line num="16" count="2" type="stmt"/>
        <line num="17" count="1" type="stmt"/>
      </file>
    </package>
    <package name="pages.enterpreuner">
      <metrics statements="2" coveredstatements="2" conditionals="0" coveredconditionals="0" methods="1" coveredmethods="1"/>
      <file name="index.tsx" path="/home/sowmga/Desktop/zemoso-training/blinkist/blinkist/src/components/pages/enterpreuner/index.tsx">
        <metrics statements="2" coveredstatements="2" conditionals="0" coveredconditionals="0" methods="1" coveredmethods="1"/>
        <line num="17" count="2" type="stmt"/>
        <line num="18" count="1" type="stmt"/>
      </file>
    </package>
    <package name="templates.parent template">
      <metrics statements="4" coveredstatements="4" conditionals="0" coveredconditionals="0" methods="1" coveredmethods="1"/>
      <file name="index.tsx" path="/home/sowmga/Desktop/zemoso-training/blinkist/blinkist/src/components/templates/parent template/index.tsx">
        <metrics statements="4" coveredstatements="4" conditionals="0" coveredconditionals="0" methods="1" coveredmethods="1"/>
        <line num="4" count="4" type="stmt"/>
        <line num="29" count="4" type="stmt"/>
        <line num="30" count="3" type="stmt"/>
        <line num="31" count="3" type="stmt"/>
      </file>
    </package>
  </project>
</coverage>
