{"/home/sowmga/Desktop/zemoso-training/blinkist/blinkist/src/components/atoms/icons/index.tsx": {"path":"/home/sowmga/Desktop/zemoso-training/blinkist/blinkist/src/components/atoms/icons/index.tsx","statementMap":{"0":{"start":{"line":4,"column":14},"end":{"line":13,"column":1}},"1":{"start":{"line":5,"column":2},"end":{"line":12,"column":4}}},"fnMap":{"0":{"name":"(anonymous_0)","decl":{"start":{"line":4,"column":14},"end":{"line":4,"column":15}},"loc":{"start":{"line":4,"column":34},"end":{"line":13,"column":1}},"line":4}},"branchMap":{},"s":{"0":6,"1":19},"f":{"0":19},"b":{},"_coverageSchema":"1a1c01bbd47fc00a2c39e90264f33305004495a9","hash":"d3de9c1a5fd619442e5c6caac82d0de3e65aeef6"}
,"/home/sowmga/Desktop/zemoso-training/blinkist/blinkist/src/components/atoms/images/index.tsx": {"path":"/home/sowmga/Desktop/zemoso-training/blinkist/blinkist/src/components/atoms/images/index.tsx","statementMap":{"0":{"start":{"line":7,"column":14},"end":{"line":15,"column":1}},"1":{"start":{"line":8,"column":17},"end":{"line":11,"column":3}},"2":{"start":{"line":12,"column":2},"end":{"line":14,"column":4}}},"fnMap":{"0":{"name":"(anonymous_0)","decl":{"start":{"line":7,"column":14},"end":{"line":7,"column":15}},"loc":{"start":{"line":7,"column":34},"end":{"line":15,"column":1}},"line":7}},"branchMap":{},"s":{"0":11,"1":39,"2":39},"f":{"0":39},"b":{},"_coverageSchema":"1a1c01bbd47fc00a2c39e90264f33305004495a9","hash":"76053e6598f2d32f9eb3d61b99b28c68c164bc2e"}
,"/home/sowmga/Desktop/zemoso-training/blinkist/blinkist/src/components/atoms/text/index.tsx": {"path":"/home/sowmga/Desktop/zemoso-training/blinkist/blinkist/src/components/atoms/text/index.tsx","statementMap":{"0":{"start":{"line":14,"column":13},"end":{"line":32,"column":1}},"1":{"start":{"line":15,"column":20},"end":{"line":22,"column":4}},"2":{"start":{"line":23,"column":18},"end":{"line":23,"column":29}},"3":{"start":{"line":24,"column":2},"end":{"line":31,"column":4}}},"fnMap":{"0":{"name":"(anonymous_0)","decl":{"start":{"line":14,"column":13},"end":{"line":14,"column":14}},"loc":{"start":{"line":14,"column":33},"end":{"line":32,"column":1}},"line":14}},"branchMap":{},"s":{"0":14,"1":504,"2":504,"3":504},"f":{"0":504},"b":{},"_coverageSchema":"1a1c01bbd47fc00a2c39e90264f33305004495a9","hash":"21a31ecbffc8a544a9af2ffa606c9a95837126a7"}
,"/home/sowmga/Desktop/zemoso-training/blinkist/blinkist/src/components/molecules/BookDetail/index.tsx": {"path":"/home/sowmga/Desktop/zemoso-training/blinkist/blinkist/src/components/molecules/BookDetail/index.tsx","statementMap":{"0":{"start":{"line":5,"column":18},"end":{"line":18,"column":2}},"1":{"start":{"line":19,"column":16},"end":{"line":87,"column":1}},"2":{"start":{"line":27,"column":2},"end":{"line":27,"column":25}},"3":{"start":{"line":28,"column":19},"end":{"line":28,"column":39}},"4":{"start":{"line":29,"column":17},"end":{"line":29,"column":32}},"5":{"start":{"line":30,"column":18},"end":{"line":30,"column":29}},"6":{"start":{"line":31,"column":2},"end":{"line":86,"column":4}}},"fnMap":{"0":{"name":"(anonymous_0)","decl":{"start":{"line":19,"column":16},"end":{"line":19,"column":17}},"loc":{"start":{"line":26,"column":6},"end":{"line":87,"column":1}},"line":26}},"branchMap":{},"s":{"0":4,"1":4,"2":13,"3":13,"4":13,"5":13,"6":13},"f":{"0":13},"b":{},"_coverageSchema":"1a1c01bbd47fc00a2c39e90264f33305004495a9","hash":"ea2f89dbd8948c337d00e3df6986adc325976651"}
,"/home/sowmga/Desktop/zemoso-training/blinkist/blinkist/src/components/molecules/ReadAgain/index.tsx": {"path":"/home/sowmga/Desktop/zemoso-training/blinkist/blinkist/src/components/molecules/ReadAgain/index.tsx","statementMap":{"0":{"start":{"line":4,"column":18},"end":{"line":34,"column":1}},"1":{"start":{"line":5,"column":20},"end":{"line":18,"column":4}},"2":{"start":{"line":19,"column":18},"end":{"line":19,"column":29}},"3":{"start":{"line":20,"column":2},"end":{"line":33,"column":4}}},"fnMap":{"0":{"name":"(anonymous_0)","decl":{"start":{"line":4,"column":18},"end":{"line":4,"column":19}},"loc":{"start":{"line":4,"column":24},"end":{"line":34,"column":1}},"line":4}},"branchMap":{},"s":{"0":6,"1":3,"2":3,"3":3},"f":{"0":3},"b":{},"_coverageSchema":"1a1c01bbd47fc00a2c39e90264f33305004495a9","hash":"dfbd4983a34aa53ad3133a24a1ae47fe769adbcb"}
,"/home/sowmga/Desktop/zemoso-training/blinkist/blinkist/src/components/molecules/banner/index.tsx": {"path":"/home/sowmga/Desktop/zemoso-training/blinkist/blinkist/src/components/molecules/banner/index.tsx","statementMap":{"0":{"start":{"line":5,"column":18},"end":{"line":26,"column":2}},"1":{"start":{"line":27,"column":15},"end":{"line":61,"column":1}},"2":{"start":{"line":28,"column":18},"end":{"line":28,"column":29}},"3":{"start":{"line":29,"column":2},"end":{"line":60,"column":4}}},"fnMap":{"0":{"name":"(anonymous_0)","decl":{"start":{"line":27,"column":15},"end":{"line":27,"column":16}},"loc":{"start":{"line":27,"column":21},"end":{"line":61,"column":1}},"line":27}},"branchMap":{},"s":{"0":4,"1":4,"2":12,"3":12},"f":{"0":12},"b":{},"_coverageSchema":"1a1c01bbd47fc00a2c39e90264f33305004495a9","hash":"9acba87dd5cec607be165ec5d475096a5b6cc39d"}
,"/home/sowmga/Desktop/zemoso-training/blinkist/blinkist/src/components/molecules/bookCard/index.tsx": {"path":"/home/sowmga/Desktop/zemoso-training/blinkist/blinkist/src/components/molecules/bookCard/index.tsx","statementMap":{"0":{"start":{"line":19,"column":18},"end":{"line":64,"column":2}},"1":{"start":{"line":65,"column":13},"end":{"line":118,"column":1}},"2":{"start":{"line":66,"column":18},"end":{"line":66,"column":29}},"3":{"start":{"line":68,"column":2},"end":{"line":70,"column":3}},"4":{"start":{"line":69,"column":4},"end":{"line":69,"column":31}},"5":{"start":{"line":71,"column":2},"end":{"line":73,"column":3}},"6":{"start":{"line":72,"column":4},"end":{"line":72,"column":35}},"7":{"start":{"line":74,"column":2},"end":{"line":76,"column":3}},"8":{"start":{"line":75,"column":4},"end":{"line":75,"column":37}},"9":{"start":{"line":77,"column":2},"end":{"line":79,"column":3}},"10":{"start":{"line":78,"column":4},"end":{"line":78,"column":41}},"11":{"start":{"line":80,"column":19},"end":{"line":80,"column":30}},"12":{"start":{"line":81,"column":2},"end":{"line":90,"column":3}},"13":{"start":{"line":82,"column":4},"end":{"line":89,"column":6}},"14":{"start":{"line":91,"column":2},"end":{"line":117,"column":4}}},"fnMap":{"0":{"name":"(anonymous_0)","decl":{"start":{"line":65,"column":13},"end":{"line":65,"column":14}},"loc":{"start":{"line":65,"column":33},"end":{"line":118,"column":1}},"line":65}},"branchMap":{"0":{"loc":{"start":{"line":68,"column":2},"end":{"line":70,"column":3}},"type":"if","locations":[{"start":{"line":68,"column":2},"end":{"line":70,"column":3}},{"start":{},"end":{}}],"line":68},"1":{"loc":{"start":{"line":71,"column":2},"end":{"line":73,"column":3}},"type":"if","locations":[{"start":{"line":71,"column":2},"end":{"line":73,"column":3}},{"start":{},"end":{}}],"line":71},"2":{"loc":{"start":{"line":74,"column":2},"end":{"line":76,"column":3}},"type":"if","locations":[{"start":{"line":74,"column":2},"end":{"line":76,"column":3}},{"start":{},"end":{}}],"line":74},"3":{"loc":{"start":{"line":77,"column":2},"end":{"line":79,"column":3}},"type":"if","locations":[{"start":{"line":77,"column":2},"end":{"line":79,"column":3}},{"start":{},"end":{}}],"line":77},"4":{"loc":{"start":{"line":81,"column":2},"end":{"line":90,"column":3}},"type":"if","locations":[{"start":{"line":81,"column":2},"end":{"line":90,"column":3}},{"start":{},"end":{}}],"line":81}},"s":{"0":6,"1":6,"2":48,"3":48,"4":8,"5":48,"6":15,"7":48,"8":3,"9":48,"10":22,"11":48,"12":48,"13":14,"14":48},"f":{"0":48},"b":{"0":[8,40],"1":[15,33],"2":[3,45],"3":[22,26],"4":[14,34]},"_coverageSchema":"1a1c01bbd47fc00a2c39e90264f33305004495a9","hash":"18bbdad581fc55709a7100e03dcdaeb711ef076a"}
,"/home/sowmga/Desktop/zemoso-training/blinkist/blinkist/src/components/molecules/finished/index.tsx": {"path":"/home/sowmga/Desktop/zemoso-training/blinkist/blinkist/src/components/molecules/finished/index.tsx","statementMap":{"0":{"start":{"line":4,"column":17},"end":{"line":39,"column":1}},"1":{"start":{"line":5,"column":20},"end":{"line":22,"column":4}},"2":{"start":{"line":23,"column":18},"end":{"line":23,"column":29}},"3":{"start":{"line":24,"column":2},"end":{"line":38,"column":4}}},"fnMap":{"0":{"name":"(anonymous_0)","decl":{"start":{"line":4,"column":17},"end":{"line":4,"column":18}},"loc":{"start":{"line":4,"column":23},"end":{"line":39,"column":1}},"line":4}},"branchMap":{},"s":{"0":6,"1":15,"2":15,"3":15},"f":{"0":15},"b":{},"_coverageSchema":"1a1c01bbd47fc00a2c39e90264f33305004495a9","hash":"951f95457be77ad672534eac85e325c0192c47ea"}
,"/home/sowmga/Desktop/zemoso-training/blinkist/blinkist/src/components/molecules/nonHoverButton/index.tsx": {"path":"/home/sowmga/Desktop/zemoso-training/blinkist/blinkist/src/components/molecules/nonHoverButton/index.tsx","statementMap":{"0":{"start":{"line":6,"column":20},"end":{"line":41,"column":1}},"1":{"start":{"line":7,"column":20},"end":{"line":28,"column":4}},"2":{"start":{"line":29,"column":18},"end":{"line":29,"column":29}},"3":{"start":{"line":30,"column":2},"end":{"line":40,"column":4}}},"fnMap":{"0":{"name":"(anonymous_0)","decl":{"start":{"line":6,"column":20},"end":{"line":6,"column":21}},"loc":{"start":{"line":6,"column":26},"end":{"line":41,"column":1}},"line":6}},"branchMap":{},"s":{"0":6,"1":22,"2":22,"3":22},"f":{"0":22},"b":{},"_coverageSchema":"1a1c01bbd47fc00a2c39e90264f33305004495a9","hash":"1d0607a8a314f03501ae5ff0db012981336dfc30"}
,"/home/sowmga/Desktop/zemoso-training/blinkist/blinkist/src/components/molecules/normalCardBottom/index.tsx": {"path":"/home/sowmga/Desktop/zemoso-training/blinkist/blinkist/src/components/molecules/normalCardBottom/index.tsx","statementMap":{"0":{"start":{"line":6,"column":15},"end":{"line":56,"column":1}},"1":{"start":{"line":7,"column":20},"end":{"line":28,"column":4}},"2":{"start":{"line":29,"column":18},"end":{"line":29,"column":29}},"3":{"start":{"line":30,"column":2},"end":{"line":55,"column":4}}},"fnMap":{"0":{"name":"(anonymous_0)","decl":{"start":{"line":6,"column":15},"end":{"line":6,"column":16}},"loc":{"start":{"line":6,"column":21},"end":{"line":56,"column":1}},"line":6}},"branchMap":{},"s":{"0":6,"1":8,"2":8,"3":8},"f":{"0":8},"b":{},"_coverageSchema":"1a1c01bbd47fc00a2c39e90264f33305004495a9","hash":"99eed7357301505f490b193f4d2745a652791efe"}
,"/home/sowmga/Desktop/zemoso-training/blinkist/blinkist/src/components/organisms/BookDetailOrganism/index.tsx": {"path":"/home/sowmga/Desktop/zemoso-training/blinkist/blinkist/src/components/organisms/BookDetailOrganism/index.tsx","statementMap":{"0":{"start":{"line":9,"column":18},"end":{"line":58,"column":2}},"1":{"start":{"line":69,"column":27},"end":{"line":277,"column":1}},"2":{"start":{"line":73,"column":19},"end":{"line":73,"column":32}},"3":{"start":{"line":74,"column":19},"end":{"line":74,"column":32}},"4":{"start":{"line":75,"column":14},"end":{"line":75,"column":28}},"5":{"start":{"line":76,"column":11},"end":{"line":76,"column":12}},"6":{"start":{"line":78,"column":2},"end":{"line":84,"column":7}},"7":{"start":{"line":81,"column":6},"end":{"line":83,"column":7}},"8":{"start":{"line":82,"column":8},"end":{"line":82,"column":22}},"9":{"start":{"line":86,"column":18},"end":{"line":86,"column":29}},"10":{"start":{"line":87,"column":13},"end":{"line":87,"column":15}},"11":{"start":{"line":88,"column":15},"end":{"line":88,"column":17}},"12":{"start":{"line":89,"column":17},"end":{"line":89,"column":19}},"13":{"start":{"line":90,"column":16},"end":{"line":90,"column":18}},"14":{"start":{"line":92,"column":2},"end":{"line":97,"column":3}},"15":{"start":{"line":93,"column":4},"end":{"line":93,"column":30}},"16":{"start":{"line":94,"column":4},"end":{"line":94,"column":39}},"17":{"start":{"line":95,"column":4},"end":{"line":95,"column":43}},"18":{"start":{"line":96,"column":4},"end":{"line":96,"column":41}},"19":{"start":{"line":98,"column":2},"end":{"line":98,"column":24}},"20":{"start":{"line":99,"column":30},"end":{"line":99,"column":50}},"21":{"start":{"line":100,"column":23},"end":{"line":102,"column":3}},"22":{"start":{"line":101,"column":4},"end":{"line":101,"column":34}},"23":{"start":{"line":103,"column":21},"end":{"line":105,"column":3}},"24":{"start":{"line":104,"column":4},"end":{"line":104,"column":33}},"25":{"start":{"line":106,"column":2},"end":{"line":276,"column":4}},"26":{"start":{"line":140,"column":29},"end":{"line":140,"column":42}},"27":{"start":{"line":150,"column":16},"end":{"line":150,"column":38}},"28":{"start":{"line":159,"column":16},"end":{"line":159,"column":33}},"29":{"start":{"line":168,"column":16},"end":{"line":168,"column":35}}},"fnMap":{"0":{"name":"(anonymous_0)","decl":{"start":{"line":69,"column":27},"end":{"line":69,"column":28}},"loc":{"start":{"line":72,"column":6},"end":{"line":277,"column":1}},"line":72},"1":{"name":"(anonymous_1)","decl":{"start":{"line":80,"column":19},"end":{"line":80,"column":20}},"loc":{"start":{"line":80,"column":31},"end":{"line":84,"column":5}},"line":80},"2":{"name":"(anonymous_2)","decl":{"start":{"line":100,"column":23},"end":{"line":100,"column":24}},"loc":{"start":{"line":100,"column":29},"end":{"line":102,"column":3}},"line":100},"3":{"name":"(anonymous_3)","decl":{"start":{"line":103,"column":21},"end":{"line":103,"column":22}},"loc":{"start":{"line":103,"column":27},"end":{"line":105,"column":3}},"line":103},"4":{"name":"(anonymous_4)","decl":{"start":{"line":140,"column":23},"end":{"line":140,"column":24}},"loc":{"start":{"line":140,"column":29},"end":{"line":140,"column":42}},"line":140},"5":{"name":"(anonymous_5)","decl":{"start":{"line":149,"column":23},"end":{"line":149,"column":24}},"loc":{"start":{"line":149,"column":29},"end":{"line":151,"column":15}},"line":149},"6":{"name":"(anonymous_6)","decl":{"start":{"line":158,"column":23},"end":{"line":158,"column":24}},"loc":{"start":{"line":158,"column":29},"end":{"line":160,"column":15}},"line":158},"7":{"name":"(anonymous_7)","decl":{"start":{"line":167,"column":23},"end":{"line":167,"column":24}},"loc":{"start":{"line":167,"column":29},"end":{"line":169,"column":15}},"line":167}},"branchMap":{"0":{"loc":{"start":{"line":78,"column":2},"end":{"line":84,"column":6}},"type":"binary-expr","locations":[{"start":{"line":78,"column":2},"end":{"line":78,"column":12}},{"start":{"line":80,"column":4},"end":{"line":84,"column":6}}],"line":78},"1":{"loc":{"start":{"line":81,"column":6},"end":{"line":83,"column":7}},"type":"if","locations":[{"start":{"line":81,"column":6},"end":{"line":83,"column":7}},{"start":{},"end":{}}],"line":81},"2":{"loc":{"start":{"line":92,"column":2},"end":{"line":97,"column":3}},"type":"if","locations":[{"start":{"line":92,"column":2},"end":{"line":97,"column":3}},{"start":{},"end":{}}],"line":92},"3":{"loc":{"start":{"line":109,"column":9},"end":{"line":118,"column":9}},"type":"binary-expr","locations":[{"start":{"line":109,"column":9},"end":{"line":109,"column":13}},{"start":{"line":110,"column":10},"end":{"line":117,"column":21}}],"line":109},"4":{"loc":{"start":{"line":181,"column":13},"end":{"line":197,"column":13}},"type":"cond-expr","locations":[{"start":{"line":182,"column":14},"end":{"line":188,"column":20}},{"start":{"line":190,"column":14},"end":{"line":196,"column":20}}],"line":181},"5":{"loc":{"start":{"line":198,"column":13},"end":{"line":214,"column":13}},"type":"cond-expr","locations":[{"start":{"line":199,"column":14},"end":{"line":205,"column":20}},{"start":{"line":207,"column":14},"end":{"line":213,"column":20}}],"line":198},"6":{"loc":{"start":{"line":215,"column":13},"end":{"line":231,"column":13}},"type":"cond-expr","locations":[{"start":{"line":216,"column":14},"end":{"line":222,"column":20}},{"start":{"line":224,"column":14},"end":{"line":230,"column":20}}],"line":215},"7":{"loc":{"start":{"line":234,"column":13},"end":{"line":249,"column":13}},"type":"cond-expr","locations":[{"start":{"line":235,"column":14},"end":{"line":246,"column":22}},{"start":{"line":248,"column":14},"end":{"line":248,"column":19}}],"line":234},"8":{"loc":{"start":{"line":250,"column":13},"end":{"line":260,"column":13}},"type":"cond-expr","locations":[{"start":{"line":251,"column":14},"end":{"line":257,"column":22}},{"start":{"line":259,"column":14},"end":{"line":259,"column":19}}],"line":250},"9":{"loc":{"start":{"line":261,"column":13},"end":{"line":271,"column":13}},"type":"cond-expr","locations":[{"start":{"line":262,"column":14},"end":{"line":268,"column":22}},{"start":{"line":270,"column":14},"end":{"line":270,"column":19}}],"line":261}},"s":{"0":3,"1":3,"2":13,"3":13,"4":13,"5":13,"6":13,"7":24,"8":0,"9":13,"10":13,"11":13,"12":13,"13":13,"14":13,"15":12,"16":12,"17":12,"18":12,"19":13,"20":13,"21":13,"22":1,"23":13,"24":1,"25":13,"26":1,"27":1,"28":1,"29":1},"f":{"0":13,"1":24,"2":1,"3":1,"4":1,"5":1,"6":1,"7":1},"b":{"0":[13,13],"1":[0,24],"2":[12,1],"3":[13,12],"4":[11,2],"5":[1,12],"6":[1,12],"7":[11,2],"8":[1,12],"9":[1,12]},"_coverageSchema":"1a1c01bbd47fc00a2c39e90264f33305004495a9","hash":"b1d9e8ebdd340438934c9b82d6ab6da0a33233af"}
,"/home/sowmga/Desktop/zemoso-training/blinkist/blinkist/src/components/organisms/EntrepreneurOrganism/index.tsx": {"path":"/home/sowmga/Desktop/zemoso-training/blinkist/blinkist/src/components/organisms/EntrepreneurOrganism/index.tsx","statementMap":{"0":{"start":{"line":14,"column":18},"end":{"line":30,"column":2}},"1":{"start":{"line":32,"column":29},"end":{"line":226,"column":1}},"2":{"start":{"line":33,"column":28},"end":{"line":33,"column":40}},"3":{"start":{"line":35,"column":18},"end":{"line":35,"column":29}},"4":{"start":{"line":36,"column":19},"end":{"line":36,"column":32}},"5":{"start":{"line":37,"column":23},"end":{"line":41,"column":3}},"6":{"start":{"line":38,"column":16},"end":{"line":38,"column":44}},"7":{"start":{"line":39,"column":4},"end":{"line":39,"column":18}},"8":{"start":{"line":40,"column":4},"end":{"line":40,"column":23}},"9":{"start":{"line":42,"column":23},"end":{"line":44,"column":3}},"10":{"start":{"line":43,"column":4},"end":{"line":43,"column":59}},"11":{"start":{"line":46,"column":2},"end":{"line":225,"column":4}},"12":{"start":{"line":78,"column":40},"end":{"line":78,"column":59}},"13":{"start":{"line":80,"column":22},"end":{"line":115,"column":29}},"14":{"start":{"line":81,"column":39},"end":{"line":81,"column":54}},"15":{"start":{"line":126,"column":40},"end":{"line":126,"column":46}},"16":{"start":{"line":128,"column":22},"end":{"line":147,"column":29}},"17":{"start":{"line":129,"column":39},"end":{"line":129,"column":54}},"18":{"start":{"line":158,"column":40},"end":{"line":158,"column":47}},"19":{"start":{"line":160,"column":22},"end":{"line":179,"column":29}},"20":{"start":{"line":162,"column":39},"end":{"line":162,"column":54}},"21":{"start":{"line":191,"column":22},"end":{"line":192,"column":62}},"22":{"start":{"line":195,"column":20},"end":{"line":218,"column":27}},"23":{"start":{"line":204,"column":44},"end":{"line":204,"column":59}}},"fnMap":{"0":{"name":"(anonymous_0)","decl":{"start":{"line":32,"column":29},"end":{"line":32,"column":30}},"loc":{"start":{"line":32,"column":69},"end":{"line":226,"column":1}},"line":32},"1":{"name":"(anonymous_1)","decl":{"start":{"line":37,"column":23},"end":{"line":37,"column":24}},"loc":{"start":{"line":37,"column":67},"end":{"line":41,"column":3}},"line":37},"2":{"name":"(anonymous_2)","decl":{"start":{"line":42,"column":23},"end":{"line":42,"column":24}},"loc":{"start":{"line":42,"column":35},"end":{"line":44,"column":3}},"line":42},"3":{"name":"(anonymous_3)","decl":{"start":{"line":78,"column":28},"end":{"line":78,"column":29}},"loc":{"start":{"line":78,"column":40},"end":{"line":78,"column":59}},"line":78},"4":{"name":"(anonymous_4)","decl":{"start":{"line":79,"column":25},"end":{"line":79,"column":26}},"loc":{"start":{"line":80,"column":22},"end":{"line":115,"column":29}},"line":80},"5":{"name":"(anonymous_5)","decl":{"start":{"line":81,"column":33},"end":{"line":81,"column":34}},"loc":{"start":{"line":81,"column":39},"end":{"line":81,"column":54}},"line":81},"6":{"name":"(anonymous_6)","decl":{"start":{"line":126,"column":28},"end":{"line":126,"column":29}},"loc":{"start":{"line":126,"column":40},"end":{"line":126,"column":46}},"line":126},"7":{"name":"(anonymous_7)","decl":{"start":{"line":127,"column":25},"end":{"line":127,"column":26}},"loc":{"start":{"line":128,"column":22},"end":{"line":147,"column":29}},"line":128},"8":{"name":"(anonymous_8)","decl":{"start":{"line":129,"column":33},"end":{"line":129,"column":34}},"loc":{"start":{"line":129,"column":39},"end":{"line":129,"column":54}},"line":129},"9":{"name":"(anonymous_9)","decl":{"start":{"line":158,"column":28},"end":{"line":158,"column":29}},"loc":{"start":{"line":158,"column":40},"end":{"line":158,"column":47}},"line":158},"10":{"name":"(anonymous_10)","decl":{"start":{"line":159,"column":25},"end":{"line":159,"column":26}},"loc":{"start":{"line":160,"column":22},"end":{"line":179,"column":29}},"line":160},"11":{"name":"(anonymous_11)","decl":{"start":{"line":162,"column":33},"end":{"line":162,"column":34}},"loc":{"start":{"line":162,"column":39},"end":{"line":162,"column":54}},"line":162},"12":{"name":"(anonymous_12)","decl":{"start":{"line":190,"column":20},"end":{"line":190,"column":21}},"loc":{"start":{"line":191,"column":22},"end":{"line":192,"column":62}},"line":191},"13":{"name":"(anonymous_13)","decl":{"start":{"line":194,"column":23},"end":{"line":194,"column":24}},"loc":{"start":{"line":195,"column":20},"end":{"line":218,"column":27}},"line":195},"14":{"name":"(anonymous_14)","decl":{"start":{"line":204,"column":38},"end":{"line":204,"column":39}},"loc":{"start":{"line":204,"column":44},"end":{"line":204,"column":59}},"line":204}},"branchMap":{"0":{"loc":{"start":{"line":65,"column":9},"end":{"line":222,"column":9}},"type":"cond-expr","locations":[{"start":{"line":66,"column":10},"end":{"line":183,"column":16}},{"start":{"line":185,"column":10},"end":{"line":221,"column":16}}],"line":65},"1":{"loc":{"start":{"line":76,"column":17},"end":{"line":116,"column":22}},"type":"binary-expr","locations":[{"start":{"line":76,"column":17},"end":{"line":76,"column":27}},{"start":{"line":77,"column":18},"end":{"line":116,"column":22}}],"line":76},"2":{"loc":{"start":{"line":78,"column":40},"end":{"line":78,"column":59}},"type":"binary-expr","locations":[{"start":{"line":78,"column":40},"end":{"line":78,"column":47}},{"start":{"line":78,"column":51},"end":{"line":78,"column":59}}],"line":78},"3":{"loc":{"start":{"line":90,"column":25},"end":{"line":114,"column":25}},"type":"cond-expr","locations":[{"start":{"line":91,"column":26},"end":{"line":101,"column":32}},{"start":{"line":103,"column":26},"end":{"line":113,"column":32}}],"line":90},"4":{"loc":{"start":{"line":124,"column":17},"end":{"line":148,"column":22}},"type":"binary-expr","locations":[{"start":{"line":124,"column":17},"end":{"line":124,"column":27}},{"start":{"line":125,"column":18},"end":{"line":148,"column":22}}],"line":124},"5":{"loc":{"start":{"line":156,"column":17},"end":{"line":180,"column":22}},"type":"binary-expr","locations":[{"start":{"line":156,"column":17},"end":{"line":156,"column":27}},{"start":{"line":157,"column":18},"end":{"line":180,"column":22}}],"line":156},"6":{"loc":{"start":{"line":187,"column":15},"end":{"line":219,"column":20}},"type":"binary-expr","locations":[{"start":{"line":187,"column":15},"end":{"line":187,"column":25}},{"start":{"line":188,"column":16},"end":{"line":219,"column":20}}],"line":187},"7":{"loc":{"start":{"line":191,"column":22},"end":{"line":192,"column":62}},"type":"binary-expr","locations":[{"start":{"line":191,"column":22},"end":{"line":191,"column":64}},{"start":{"line":192,"column":22},"end":{"line":192,"column":62}}],"line":191},"8":{"loc":{"start":{"line":203,"column":23},"end":{"line":217,"column":23}},"type":"cond-expr","locations":[{"start":{"line":204,"column":24},"end":{"line":214,"column":30}},{"start":{"line":216,"column":24},"end":{"line":216,"column":29}}],"line":203}},"s":{"0":3,"1":3,"2":9,"3":9,"4":9,"5":9,"6":1,"7":1,"8":1,"9":9,"10":3,"11":9,"12":21,"13":7,"14":1,"15":21,"16":7,"17":1,"18":21,"19":7,"20":1,"21":3,"22":0,"23":0},"f":{"0":9,"1":1,"2":3,"3":21,"4":7,"5":1,"6":21,"7":7,"8":1,"9":21,"10":7,"11":1,"12":3,"13":0,"14":0},"b":{"0":[8,1],"1":[8,8],"2":[21,14],"3":[7,0],"4":[8,8],"5":[8,8],"6":[1,1],"7":[3,3],"8":[0,0]},"_coverageSchema":"1a1c01bbd47fc00a2c39e90264f33305004495a9","hash":"6805b555134c133f86e461f757a93f1a1e8617f2"}
,"/home/sowmga/Desktop/zemoso-training/blinkist/blinkist/src/components/organisms/footer/index.tsx": {"path":"/home/sowmga/Desktop/zemoso-training/blinkist/blinkist/src/components/organisms/footer/index.tsx","statementMap":{"0":{"start":{"line":5,"column":15},"end":{"line":176,"column":1}},"1":{"start":{"line":6,"column":20},"end":{"line":34,"column":4}},"2":{"start":{"line":35,"column":18},"end":{"line":35,"column":29}},"3":{"start":{"line":36,"column":2},"end":{"line":175,"column":4}}},"fnMap":{"0":{"name":"(anonymous_0)","decl":{"start":{"line":5,"column":15},"end":{"line":5,"column":16}},"loc":{"start":{"line":5,"column":21},"end":{"line":176,"column":1}},"line":5}},"branchMap":{},"s":{"0":5,"1":4,"2":4,"3":4},"f":{"0":4},"b":{},"_coverageSchema":"1a1c01bbd47fc00a2c39e90264f33305004495a9","hash":"0f18c53c8a1895761b260b7f13660593627b2732"}
,"/home/sowmga/Desktop/zemoso-training/blinkist/blinkist/src/components/organisms/header/index.tsx": {"path":"/home/sowmga/Desktop/zemoso-training/blinkist/blinkist/src/components/organisms/header/index.tsx","statementMap":{"0":{"start":{"line":11,"column":15},"end":{"line":130,"column":1}},"1":{"start":{"line":12,"column":28},"end":{"line":12,"column":43}},"2":{"start":{"line":13,"column":19},"end":{"line":13,"column":32}},"3":{"start":{"line":15,"column":4},"end":{"line":21,"column":13}},"4":{"start":{"line":24,"column":4},"end":{"line":28,"column":13}},"5":{"start":{"line":30,"column":20},"end":{"line":60,"column":4}},"6":{"start":{"line":61,"column":18},"end":{"line":61,"column":29}},"7":{"start":{"line":63,"column":2},"end":{"line":129,"column":4}},"8":{"start":{"line":69,"column":34},"end":{"line":69,"column":47}},"9":{"start":{"line":86,"column":18},"end":{"line":86,"column":58}}},"fnMap":{"0":{"name":"(anonymous_0)","decl":{"start":{"line":11,"column":15},"end":{"line":11,"column":16}},"loc":{"start":{"line":11,"column":21},"end":{"line":130,"column":1}},"line":11},"1":{"name":"(anonymous_1)","decl":{"start":{"line":69,"column":28},"end":{"line":69,"column":29}},"loc":{"start":{"line":69,"column":34},"end":{"line":69,"column":47}},"line":69},"2":{"name":"(anonymous_2)","decl":{"start":{"line":85,"column":25},"end":{"line":85,"column":26}},"loc":{"start":{"line":86,"column":18},"end":{"line":86,"column":58}},"line":86}},"branchMap":{"0":{"loc":{"start":{"line":86,"column":18},"end":{"line":86,"column":58}},"type":"cond-expr","locations":[{"start":{"line":86,"column":26},"end":{"line":86,"column":41}},{"start":{"line":86,"column":44},"end":{"line":86,"column":58}}],"line":86},"1":{"loc":{"start":{"line":95,"column":22},"end":{"line":95,"column":47}},"type":"cond-expr","locations":[{"start":{"line":95,"column":30},"end":{"line":95,"column":38}},{"start":{"line":95,"column":41},"end":{"line":95,"column":47}}],"line":95},"2":{"loc":{"start":{"line":121,"column":7},"end":{"line":127,"column":7}},"type":"cond-expr","locations":[{"start":{"line":122,"column":8},"end":{"line":124,"column":14}},{"start":{"line":126,"column":8},"end":{"line":126,"column":19}}],"line":121}},"s":{"0":5,"1":9,"2":9,"3":9,"4":9,"5":9,"6":9,"7":9,"8":1,"9":1},"f":{"0":9,"1":1,"2":1},"b":{"0":[0,1],"1":[1,8],"2":[1,8]},"_coverageSchema":"1a1c01bbd47fc00a2c39e90264f33305004495a9","hash":"75c846c6bf344fd0eff515bfe55c059c06568307"}
,"/home/sowmga/Desktop/zemoso-training/blinkist/blinkist/src/components/organisms/headerPopup/index.tsx": {"path":"/home/sowmga/Desktop/zemoso-training/blinkist/blinkist/src/components/organisms/headerPopup/index.tsx","statementMap":{"0":{"start":{"line":27,"column":20},"end":{"line":334,"column":1}},"1":{"start":{"line":28,"column":19},"end":{"line":28,"column":32}},"2":{"start":{"line":29,"column":20},"end":{"line":60,"column":4}},"3":{"start":{"line":61,"column":18},"end":{"line":61,"column":29}},"4":{"start":{"line":62,"column":2},"end":{"line":333,"column":4}},"5":{"start":{"line":103,"column":29},"end":{"line":103,"column":54}}},"fnMap":{"0":{"name":"(anonymous_0)","decl":{"start":{"line":27,"column":20},"end":{"line":27,"column":21}},"loc":{"start":{"line":27,"column":26},"end":{"line":334,"column":1}},"line":27},"1":{"name":"(anonymous_1)","decl":{"start":{"line":103,"column":23},"end":{"line":103,"column":24}},"loc":{"start":{"line":103,"column":29},"end":{"line":103,"column":54}},"line":103}},"branchMap":{},"s":{"0":6,"1":4,"2":4,"3":4,"4":4,"5":1},"f":{"0":4,"1":1},"b":{},"_coverageSchema":"1a1c01bbd47fc00a2c39e90264f33305004495a9","hash":"36dce60629705d9f3c8e34874d25f608a2484669"}
,"/home/sowmga/Desktop/zemoso-training/blinkist/blinkist/src/components/organisms/myLibrary/index.tsx": {"path":"/home/sowmga/Desktop/zemoso-training/blinkist/blinkist/src/components/organisms/myLibrary/index.tsx","statementMap":{"0":{"start":{"line":8,"column":18},"end":{"line":28,"column":2}},"1":{"start":{"line":39,"column":26},"end":{"line":242,"column":1}},"2":{"start":{"line":40,"column":18},"end":{"line":40,"column":29}},"3":{"start":{"line":41,"column":36},"end":{"line":41,"column":50}},"4":{"start":{"line":42,"column":34},"end":{"line":42,"column":49}},"5":{"start":{"line":44,"column":2},"end":{"line":53,"column":3}},"6":{"start":{"line":45,"column":4},"end":{"line":48,"column":6}},"7":{"start":{"line":50,"column":4},"end":{"line":52,"column":6}},"8":{"start":{"line":54,"column":19},"end":{"line":54,"column":32}},"9":{"start":{"line":55,"column":22},"end":{"line":60,"column":3}},"10":{"start":{"line":56,"column":4},"end":{"line":56,"column":22}},"11":{"start":{"line":57,"column":4},"end":{"line":59,"column":7}},"12":{"start":{"line":61,"column":2},"end":{"line":241,"column":4}},"13":{"start":{"line":77,"column":14},"end":{"line":77,"column":33}},"14":{"start":{"line":78,"column":14},"end":{"line":78,"column":33}},"15":{"start":{"line":104,"column":14},"end":{"line":104,"column":34}},"16":{"start":{"line":105,"column":14},"end":{"line":105,"column":32}},"17":{"start":{"line":151,"column":16},"end":{"line":179,"column":17}},"18":{"start":{"line":152,"column":18},"end":{"line":178,"column":20}},"19":{"start":{"line":163,"column":41},"end":{"line":163,"column":55}},"20":{"start":{"line":180,"column":16},"end":{"line":208,"column":17}},"21":{"start":{"line":181,"column":18},"end":{"line":207,"column":20}},"22":{"start":{"line":192,"column":41},"end":{"line":192,"column":55}},"23":{"start":{"line":209,"column":16},"end":{"line":235,"column":17}},"24":{"start":{"line":210,"column":18},"end":{"line":234,"column":20}},"25":{"start":{"line":220,"column":39},"end":{"line":220,"column":53}}},"fnMap":{"0":{"name":"(anonymous_0)","decl":{"start":{"line":39,"column":26},"end":{"line":39,"column":27}},"loc":{"start":{"line":39,"column":69},"end":{"line":242,"column":1}},"line":39},"1":{"name":"(anonymous_1)","decl":{"start":{"line":55,"column":22},"end":{"line":55,"column":23}},"loc":{"start":{"line":55,"column":34},"end":{"line":60,"column":3}},"line":55},"2":{"name":"(anonymous_2)","decl":{"start":{"line":76,"column":21},"end":{"line":76,"column":22}},"loc":{"start":{"line":76,"column":27},"end":{"line":79,"column":13}},"line":76},"3":{"name":"(anonymous_3)","decl":{"start":{"line":103,"column":21},"end":{"line":103,"column":22}},"loc":{"start":{"line":103,"column":27},"end":{"line":106,"column":13}},"line":103},"4":{"name":"(anonymous_4)","decl":{"start":{"line":150,"column":29},"end":{"line":150,"column":30}},"loc":{"start":{"line":150,"column":41},"end":{"line":236,"column":15}},"line":150},"5":{"name":"(anonymous_5)","decl":{"start":{"line":163,"column":35},"end":{"line":163,"column":36}},"loc":{"start":{"line":163,"column":41},"end":{"line":163,"column":55}},"line":163},"6":{"name":"(anonymous_6)","decl":{"start":{"line":192,"column":35},"end":{"line":192,"column":36}},"loc":{"start":{"line":192,"column":41},"end":{"line":192,"column":55}},"line":192},"7":{"name":"(anonymous_7)","decl":{"start":{"line":220,"column":33},"end":{"line":220,"column":34}},"loc":{"start":{"line":220,"column":39},"end":{"line":220,"column":53}},"line":220}},"branchMap":{"0":{"loc":{"start":{"line":44,"column":2},"end":{"line":53,"column":3}},"type":"if","locations":[{"start":{"line":44,"column":2},"end":{"line":53,"column":3}},{"start":{"line":49,"column":9},"end":{"line":53,"column":3}}],"line":44},"1":{"loc":{"start":{"line":84,"column":15},"end":{"line":96,"column":15}},"type":"cond-expr","locations":[{"start":{"line":85,"column":16},"end":{"line":89,"column":18}},{"start":{"line":91,"column":16},"end":{"line":95,"column":18}}],"line":84},"2":{"loc":{"start":{"line":109,"column":13},"end":{"line":121,"column":13}},"type":"cond-expr","locations":[{"start":{"line":110,"column":14},"end":{"line":114,"column":16}},{"start":{"line":116,"column":14},"end":{"line":120,"column":16}}],"line":109},"3":{"loc":{"start":{"line":127,"column":16},"end":{"line":129,"column":50}},"type":"cond-expr","locations":[{"start":{"line":128,"column":20},"end":{"line":128,"column":50}},{"start":{"line":129,"column":20},"end":{"line":129,"column":50}}],"line":127},"4":{"loc":{"start":{"line":135,"column":16},"end":{"line":137,"column":50}},"type":"cond-expr","locations":[{"start":{"line":136,"column":20},"end":{"line":136,"column":50}},{"start":{"line":137,"column":20},"end":{"line":137,"column":50}}],"line":135},"5":{"loc":{"start":{"line":148,"column":13},"end":{"line":236,"column":16}},"type":"binary-expr","locations":[{"start":{"line":148,"column":13},"end":{"line":148,"column":23}},{"start":{"line":150,"column":14},"end":{"line":236,"column":16}}],"line":148},"6":{"loc":{"start":{"line":151,"column":16},"end":{"line":179,"column":17}},"type":"if","locations":[{"start":{"line":151,"column":16},"end":{"line":179,"column":17}},{"start":{},"end":{}}],"line":151},"7":{"loc":{"start":{"line":153,"column":20},"end":{"line":177,"column":21}},"type":"binary-expr","locations":[{"start":{"line":153,"column":20},"end":{"line":153,"column":29}},{"start":{"line":154,"column":22},"end":{"line":176,"column":29}}],"line":153},"8":{"loc":{"start":{"line":180,"column":16},"end":{"line":208,"column":17}},"type":"if","locations":[{"start":{"line":180,"column":16},"end":{"line":208,"column":17}},{"start":{},"end":{}}],"line":180},"9":{"loc":{"start":{"line":180,"column":20},"end":{"line":180,"column":41}},"type":"binary-expr","locations":[{"start":{"line":180,"column":20},"end":{"line":180,"column":29}},{"start":{"line":180,"column":33},"end":{"line":180,"column":41}}],"line":180},"10":{"loc":{"start":{"line":182,"column":20},"end":{"line":206,"column":21}},"type":"binary-expr","locations":[{"start":{"line":182,"column":20},"end":{"line":182,"column":28}},{"start":{"line":183,"column":22},"end":{"line":205,"column":29}}],"line":182},"11":{"loc":{"start":{"line":209,"column":16},"end":{"line":235,"column":17}},"type":"if","locations":[{"start":{"line":209,"column":16},"end":{"line":235,"column":17}},{"start":{},"end":{}}],"line":209},"12":{"loc":{"start":{"line":209,"column":20},"end":{"line":209,"column":42}},"type":"binary-expr","locations":[{"start":{"line":209,"column":20},"end":{"line":209,"column":29}},{"start":{"line":209,"column":33},"end":{"line":209,"column":42}}],"line":209}},"s":{"0":3,"1":3,"2":10,"3":9,"4":9,"5":9,"6":8,"7":1,"8":9,"9":9,"10":3,"11":3,"12":9,"13":1,"14":1,"15":1,"16":1,"17":24,"18":8,"19":1,"20":16,"21":2,"22":0,"23":14,"24":14,"25":2},"f":{"0":10,"1":3,"2":1,"3":1,"4":24,"5":1,"6":0,"7":2},"b":{"0":[8,1],"1":[8,1],"2":[1,8],"3":[8,1],"4":[1,8],"5":[9,9],"6":[8,16],"7":[8,7],"8":[2,14],"9":[16,16],"10":[2,2],"11":[14,0],"12":[14,14]},"_coverageSchema":"1a1c01bbd47fc00a2c39e90264f33305004495a9","hash":"315548c4f3a3cbbef5500ee11ffeff0316ad8649"}
,"/home/sowmga/Desktop/zemoso-training/blinkist/blinkist/src/components/pages/BookDetailPage/index.tsx": {"path":"/home/sowmga/Desktop/zemoso-training/blinkist/blinkist/src/components/pages/BookDetailPage/index.tsx","statementMap":{"0":{"start":{"line":17,"column":23},"end":{"line":30,"column":1}},"1":{"start":{"line":18,"column":2},"end":{"line":29,"column":4}}},"fnMap":{"0":{"name":"(anonymous_0)","decl":{"start":{"line":17,"column":23},"end":{"line":17,"column":24}},"loc":{"start":{"line":17,"column":66},"end":{"line":30,"column":1}},"line":17}},"branchMap":{},"s":{"0":2,"1":1},"f":{"0":1},"b":{},"_coverageSchema":"1a1c01bbd47fc00a2c39e90264f33305004495a9","hash":"ab9eb05da46cdb49f837b1f1218d32b66f55bcd1"}
,"/home/sowmga/Desktop/zemoso-training/blinkist/blinkist/src/components/pages/MyLibrary/index.tsx": {"path":"/home/sowmga/Desktop/zemoso-training/blinkist/blinkist/src/components/pages/MyLibrary/index.tsx","statementMap":{"0":{"start":{"line":16,"column":18},"end":{"line":31,"column":1}},"1":{"start":{"line":17,"column":2},"end":{"line":30,"column":4}}},"fnMap":{"0":{"name":"(anonymous_0)","decl":{"start":{"line":16,"column":18},"end":{"line":16,"column":19}},"loc":{"start":{"line":16,"column":61},"end":{"line":31,"column":1}},"line":16}},"branchMap":{},"s":{"0":2,"1":1},"f":{"0":1},"b":{},"_coverageSchema":"1a1c01bbd47fc00a2c39e90264f33305004495a9","hash":"58f484e33301ff349ffc8065fa3fb403195b45a4"}
,"/home/sowmga/Desktop/zemoso-training/blinkist/blinkist/src/components/pages/enterpreuner/index.tsx": {"path":"/home/sowmga/Desktop/zemoso-training/blinkist/blinkist/src/components/pages/enterpreuner/index.tsx","statementMap":{"0":{"start":{"line":17,"column":25},"end":{"line":30,"column":1}},"1":{"start":{"line":18,"column":2},"end":{"line":29,"column":4}}},"fnMap":{"0":{"name":"(anonymous_0)","decl":{"start":{"line":17,"column":25},"end":{"line":17,"column":26}},"loc":{"start":{"line":17,"column":68},"end":{"line":30,"column":1}},"line":17}},"branchMap":{},"s":{"0":2,"1":1},"f":{"0":1},"b":{},"_coverageSchema":"1a1c01bbd47fc00a2c39e90264f33305004495a9","hash":"f99e89f3243d9b363d9415fe49ac4611abf53d53"}
,"/home/sowmga/Desktop/zemoso-training/blinkist/blinkist/src/components/templates/BookDetailTemplate/index.tsx": {"path":"/home/sowmga/Desktop/zemoso-training/blinkist/blinkist/src/components/templates/BookDetailTemplate/index.tsx","statementMap":{"0":{"start":{"line":4,"column":18},"end":{"line":23,"column":2}},"1":{"start":{"line":29,"column":27},"end":{"line":40,"column":1}},"2":{"start":{"line":30,"column":18},"end":{"line":30,"column":29}},"3":{"start":{"line":31,"column":2},"end":{"line":39,"column":4}}},"fnMap":{"0":{"name":"(anonymous_0)","decl":{"start":{"line":29,"column":27},"end":{"line":29,"column":28}},"loc":{"start":{"line":29,"column":47},"end":{"line":40,"column":1}},"line":29}},"branchMap":{},"s":{"0":1,"1":1,"2":1,"3":1},"f":{"0":1},"b":{},"_coverageSchema":"1a1c01bbd47fc00a2c39e90264f33305004495a9","hash":"84714c3a11382b05cd441ce77e5247f8ff6e3e69"}
,"/home/sowmga/Desktop/zemoso-training/blinkist/blinkist/src/components/templates/EntrepreneurTemplate/index.tsx": {"path":"/home/sowmga/Desktop/zemoso-training/blinkist/blinkist/src/components/templates/EntrepreneurTemplate/index.tsx","statementMap":{"0":{"start":{"line":4,"column":18},"end":{"line":23,"column":2}},"1":{"start":{"line":29,"column":29},"end":{"line":40,"column":1}},"2":{"start":{"line":30,"column":18},"end":{"line":30,"column":29}},"3":{"start":{"line":31,"column":2},"end":{"line":39,"column":4}}},"fnMap":{"0":{"name":"(anonymous_0)","decl":{"start":{"line":29,"column":29},"end":{"line":29,"column":30}},"loc":{"start":{"line":29,"column":49},"end":{"line":40,"column":1}},"line":29}},"branchMap":{},"s":{"0":3,"1":3,"2":2,"3":2},"f":{"0":2},"b":{},"_coverageSchema":"1a1c01bbd47fc00a2c39e90264f33305004495a9","hash":"6bdd8ccbdc1433c16a70bec6b331a1fc80567ead"}
,"/home/sowmga/Desktop/zemoso-training/blinkist/blinkist/src/components/templates/HomePage/index.tsx": {"path":"/home/sowmga/Desktop/zemoso-training/blinkist/blinkist/src/components/templates/HomePage/index.tsx","statementMap":{"0":{"start":{"line":4,"column":18},"end":{"line":23,"column":2}},"1":{"start":{"line":29,"column":25},"end":{"line":40,"column":1}},"2":{"start":{"line":30,"column":18},"end":{"line":30,"column":29}},"3":{"start":{"line":31,"column":2},"end":{"line":39,"column":4}}},"fnMap":{"0":{"name":"(anonymous_0)","decl":{"start":{"line":29,"column":25},"end":{"line":29,"column":26}},"loc":{"start":{"line":29,"column":45},"end":{"line":40,"column":1}},"line":29}},"branchMap":{},"s":{"0":2,"1":2,"2":1,"3":1},"f":{"0":1},"b":{},"_coverageSchema":"1a1c01bbd47fc00a2c39e90264f33305004495a9","hash":"b74fc72f42e9da847d2163ccffa9cd27a39f75c9"}
}
