{"/home/sowmga/Desktop/zemoso-training/blinkist/blinkist/src/components/atoms/icons/index.tsx": {"path":"/home/sowmga/Desktop/zemoso-training/blinkist/blinkist/src/components/atoms/icons/index.tsx","statementMap":{"0":{"start":{"line":4,"column":14},"end":{"line":13,"column":1}},"1":{"start":{"line":5,"column":2},"end":{"line":12,"column":4}}},"fnMap":{"0":{"name":"(anonymous_0)","decl":{"start":{"line":4,"column":14},"end":{"line":4,"column":15}},"loc":{"start":{"line":4,"column":34},"end":{"line":13,"column":1}},"line":4}},"branchMap":{},"s":{"0":6,"1":12},"f":{"0":12},"b":{},"_coverageSchema":"1a1c01bbd47fc00a2c39e90264f33305004495a9","hash":"d3de9c1a5fd619442e5c6caac82d0de3e65aeef6"}
,"/home/sowmga/Desktop/zemoso-training/blinkist/blinkist/src/components/atoms/images/index.tsx": {"path":"/home/sowmga/Desktop/zemoso-training/blinkist/blinkist/src/components/atoms/images/index.tsx","statementMap":{"0":{"start":{"line":7,"column":14},"end":{"line":15,"column":1}},"1":{"start":{"line":8,"column":17},"end":{"line":11,"column":3}},"2":{"start":{"line":12,"column":2},"end":{"line":14,"column":4}}},"fnMap":{"0":{"name":"(anonymous_0)","decl":{"start":{"line":7,"column":14},"end":{"line":7,"column":15}},"loc":{"start":{"line":7,"column":34},"end":{"line":15,"column":1}},"line":7}},"branchMap":{},"s":{"0":11,"1":42,"2":42},"f":{"0":42},"b":{},"_coverageSchema":"1a1c01bbd47fc00a2c39e90264f33305004495a9","hash":"76053e6598f2d32f9eb3d61b99b28c68c164bc2e"}
,"/home/sowmga/Desktop/zemoso-training/blinkist/blinkist/src/components/atoms/text/index.tsx": {"path":"/home/sowmga/Desktop/zemoso-training/blinkist/blinkist/src/components/atoms/text/index.tsx","statementMap":{"0":{"start":{"line":14,"column":13},"end":{"line":32,"column":1}},"1":{"start":{"line":15,"column":20},"end":{"line":22,"column":4}},"2":{"start":{"line":23,"column":18},"end":{"line":23,"column":29}},"3":{"start":{"line":24,"column":2},"end":{"line":31,"column":4}}},"fnMap":{"0":{"name":"(anonymous_0)","decl":{"start":{"line":14,"column":13},"end":{"line":14,"column":14}},"loc":{"start":{"line":14,"column":33},"end":{"line":32,"column":1}},"line":14}},"branchMap":{},"s":{"0":15,"1":561,"2":561,"3":561},"f":{"0":561},"b":{},"_coverageSchema":"1a1c01bbd47fc00a2c39e90264f33305004495a9","hash":"21a31ecbffc8a544a9af2ffa606c9a95837126a7"}
,"/home/sowmga/Desktop/zemoso-training/blinkist/blinkist/src/components/molecules/BookDetail/index.tsx": {"path":"/home/sowmga/Desktop/zemoso-training/blinkist/blinkist/src/components/molecules/BookDetail/index.tsx","statementMap":{"0":{"start":{"line":5,"column":18},"end":{"line":17,"column":2}},"1":{"start":{"line":18,"column":16},"end":{"line":85,"column":1}},"2":{"start":{"line":26,"column":19},"end":{"line":26,"column":39}},"3":{"start":{"line":27,"column":17},"end":{"line":27,"column":32}},"4":{"start":{"line":28,"column":18},"end":{"line":28,"column":29}},"5":{"start":{"line":29,"column":2},"end":{"line":84,"column":4}}},"fnMap":{"0":{"name":"(anonymous_0)","decl":{"start":{"line":18,"column":16},"end":{"line":18,"column":17}},"loc":{"start":{"line":25,"column":6},"end":{"line":85,"column":1}},"line":25}},"branchMap":{},"s":{"0":4,"1":4,"2":13,"3":13,"4":13,"5":13},"f":{"0":13},"b":{},"_coverageSchema":"1a1c01bbd47fc00a2c39e90264f33305004495a9","hash":"46938edafb62a61d453b92d24dfc952e939bbeaa"}
,"/home/sowmga/Desktop/zemoso-training/blinkist/blinkist/src/components/molecules/LogOUtButton/index.tsx": {"path":"/home/sowmga/Desktop/zemoso-training/blinkist/blinkist/src/components/molecules/LogOUtButton/index.tsx","statementMap":{"0":{"start":{"line":8,"column":21},"end":{"line":16,"column":1}},"1":{"start":{"line":9,"column":2},"end":{"line":15,"column":4}}},"fnMap":{"0":{"name":"(anonymous_0)","decl":{"start":{"line":8,"column":21},"end":{"line":8,"column":22}},"loc":{"start":{"line":8,"column":39},"end":{"line":16,"column":1}},"line":8}},"branchMap":{"0":{"loc":{"start":{"line":10,"column":4},"end":{"line":14,"column":5}},"type":"binary-expr","locations":[{"start":{"line":10,"column":4},"end":{"line":10,"column":16}},{"start":{"line":11,"column":6},"end":{"line":13,"column":15}}],"line":10}},"s":{"0":6,"1":1},"f":{"0":1},"b":{"0":[1,1]},"_coverageSchema":"1a1c01bbd47fc00a2c39e90264f33305004495a9","hash":"76d89455df66d973d387c3f0b95328a3aab4c5dd"}
,"/home/sowmga/Desktop/zemoso-training/blinkist/blinkist/src/components/molecules/LoginButton/index.tsx": {"path":"/home/sowmga/Desktop/zemoso-training/blinkist/blinkist/src/components/molecules/LoginButton/index.tsx","statementMap":{"0":{"start":{"line":5,"column":20},"end":{"line":12,"column":1}},"1":{"start":{"line":6,"column":32},"end":{"line":6,"column":42}},"2":{"start":{"line":7,"column":2},"end":{"line":11,"column":4}}},"fnMap":{"0":{"name":"(anonymous_0)","decl":{"start":{"line":5,"column":20},"end":{"line":5,"column":21}},"loc":{"start":{"line":5,"column":26},"end":{"line":12,"column":1}},"line":5}},"branchMap":{},"s":{"0":5,"1":11,"2":11},"f":{"0":11},"b":{},"_coverageSchema":"1a1c01bbd47fc00a2c39e90264f33305004495a9","hash":"6e4462f8cdeedc021bbbd819bf31b9c50fef5baa"}
,"/home/sowmga/Desktop/zemoso-training/blinkist/blinkist/src/components/molecules/ReadAgain/index.tsx": {"path":"/home/sowmga/Desktop/zemoso-training/blinkist/blinkist/src/components/molecules/ReadAgain/index.tsx","statementMap":{"0":{"start":{"line":4,"column":18},"end":{"line":33,"column":1}},"1":{"start":{"line":5,"column":20},"end":{"line":17,"column":4}},"2":{"start":{"line":18,"column":18},"end":{"line":18,"column":29}},"3":{"start":{"line":19,"column":2},"end":{"line":32,"column":4}}},"fnMap":{"0":{"name":"(anonymous_0)","decl":{"start":{"line":4,"column":18},"end":{"line":4,"column":19}},"loc":{"start":{"line":4,"column":24},"end":{"line":33,"column":1}},"line":4}},"branchMap":{},"s":{"0":6,"1":3,"2":3,"3":3},"f":{"0":3},"b":{},"_coverageSchema":"1a1c01bbd47fc00a2c39e90264f33305004495a9","hash":"10884409dcc9c812bfcd41307a558dd2cb88a2ee"}
,"/home/sowmga/Desktop/zemoso-training/blinkist/blinkist/src/components/molecules/banner/index.tsx": {"path":"/home/sowmga/Desktop/zemoso-training/blinkist/blinkist/src/components/molecules/banner/index.tsx","statementMap":{"0":{"start":{"line":5,"column":18},"end":{"line":23,"column":2}},"1":{"start":{"line":24,"column":15},"end":{"line":57,"column":1}},"2":{"start":{"line":25,"column":18},"end":{"line":25,"column":29}},"3":{"start":{"line":26,"column":2},"end":{"line":56,"column":4}}},"fnMap":{"0":{"name":"(anonymous_0)","decl":{"start":{"line":24,"column":15},"end":{"line":24,"column":16}},"loc":{"start":{"line":24,"column":21},"end":{"line":57,"column":1}},"line":24}},"branchMap":{},"s":{"0":4,"1":4,"2":13,"3":13},"f":{"0":13},"b":{},"_coverageSchema":"1a1c01bbd47fc00a2c39e90264f33305004495a9","hash":"518e40191cc6d3b96ad90eccc357869248563d6d"}
,"/home/sowmga/Desktop/zemoso-training/blinkist/blinkist/src/components/molecules/bookCard/index.tsx": {"path":"/home/sowmga/Desktop/zemoso-training/blinkist/blinkist/src/components/molecules/bookCard/index.tsx","statementMap":{"0":{"start":{"line":19,"column":18},"end":{"line":62,"column":2}},"1":{"start":{"line":63,"column":13},"end":{"line":132,"column":1}},"2":{"start":{"line":64,"column":18},"end":{"line":64,"column":29}},"3":{"start":{"line":66,"column":2},"end":{"line":68,"column":3}},"4":{"start":{"line":67,"column":4},"end":{"line":67,"column":31}},"5":{"start":{"line":69,"column":2},"end":{"line":71,"column":3}},"6":{"start":{"line":70,"column":4},"end":{"line":70,"column":35}},"7":{"start":{"line":72,"column":2},"end":{"line":74,"column":3}},"8":{"start":{"line":73,"column":4},"end":{"line":73,"column":37}},"9":{"start":{"line":75,"column":2},"end":{"line":77,"column":3}},"10":{"start":{"line":76,"column":4},"end":{"line":76,"column":41}},"11":{"start":{"line":78,"column":19},"end":{"line":78,"column":30}},"12":{"start":{"line":79,"column":2},"end":{"line":92,"column":3}},"13":{"start":{"line":80,"column":4},"end":{"line":91,"column":6}},"14":{"start":{"line":93,"column":2},"end":{"line":131,"column":4}}},"fnMap":{"0":{"name":"(anonymous_0)","decl":{"start":{"line":63,"column":13},"end":{"line":63,"column":14}},"loc":{"start":{"line":63,"column":33},"end":{"line":132,"column":1}},"line":63}},"branchMap":{"0":{"loc":{"start":{"line":66,"column":2},"end":{"line":68,"column":3}},"type":"if","locations":[{"start":{"line":66,"column":2},"end":{"line":68,"column":3}},{"start":{},"end":{}}],"line":66},"1":{"loc":{"start":{"line":69,"column":2},"end":{"line":71,"column":3}},"type":"if","locations":[{"start":{"line":69,"column":2},"end":{"line":71,"column":3}},{"start":{},"end":{}}],"line":69},"2":{"loc":{"start":{"line":72,"column":2},"end":{"line":74,"column":3}},"type":"if","locations":[{"start":{"line":72,"column":2},"end":{"line":74,"column":3}},{"start":{},"end":{}}],"line":72},"3":{"loc":{"start":{"line":75,"column":2},"end":{"line":77,"column":3}},"type":"if","locations":[{"start":{"line":75,"column":2},"end":{"line":77,"column":3}},{"start":{},"end":{}}],"line":75},"4":{"loc":{"start":{"line":79,"column":2},"end":{"line":92,"column":3}},"type":"if","locations":[{"start":{"line":79,"column":2},"end":{"line":92,"column":3}},{"start":{},"end":{}}],"line":79}},"s":{"0":6,"1":6,"2":59,"3":59,"4":16,"5":59,"6":15,"7":59,"8":3,"9":59,"10":25,"11":59,"12":59,"13":24,"14":59},"f":{"0":59},"b":{"0":[16,43],"1":[15,44],"2":[3,56],"3":[25,34],"4":[24,35]},"_coverageSchema":"1a1c01bbd47fc00a2c39e90264f33305004495a9","hash":"ed4457c8c95c29c629788689115bd45c71db4497"}
,"/home/sowmga/Desktop/zemoso-training/blinkist/blinkist/src/components/molecules/finished/index.tsx": {"path":"/home/sowmga/Desktop/zemoso-training/blinkist/blinkist/src/components/molecules/finished/index.tsx","statementMap":{"0":{"start":{"line":4,"column":17},"end":{"line":39,"column":1}},"1":{"start":{"line":5,"column":20},"end":{"line":22,"column":4}},"2":{"start":{"line":23,"column":18},"end":{"line":23,"column":29}},"3":{"start":{"line":24,"column":2},"end":{"line":38,"column":4}}},"fnMap":{"0":{"name":"(anonymous_0)","decl":{"start":{"line":4,"column":17},"end":{"line":4,"column":18}},"loc":{"start":{"line":4,"column":23},"end":{"line":39,"column":1}},"line":4}},"branchMap":{},"s":{"0":6,"1":15,"2":15,"3":15},"f":{"0":15},"b":{},"_coverageSchema":"1a1c01bbd47fc00a2c39e90264f33305004495a9","hash":"951f95457be77ad672534eac85e325c0192c47ea"}
,"/home/sowmga/Desktop/zemoso-training/blinkist/blinkist/src/components/molecules/nonHoverButton/index.tsx": {"path":"/home/sowmga/Desktop/zemoso-training/blinkist/blinkist/src/components/molecules/nonHoverButton/index.tsx","statementMap":{"0":{"start":{"line":6,"column":20},"end":{"line":41,"column":1}},"1":{"start":{"line":7,"column":20},"end":{"line":28,"column":4}},"2":{"start":{"line":29,"column":18},"end":{"line":29,"column":29}},"3":{"start":{"line":30,"column":2},"end":{"line":40,"column":4}}},"fnMap":{"0":{"name":"(anonymous_0)","decl":{"start":{"line":6,"column":20},"end":{"line":6,"column":21}},"loc":{"start":{"line":6,"column":26},"end":{"line":41,"column":1}},"line":6}},"branchMap":{},"s":{"0":6,"1":25,"2":25,"3":25},"f":{"0":25},"b":{},"_coverageSchema":"1a1c01bbd47fc00a2c39e90264f33305004495a9","hash":"1d0607a8a314f03501ae5ff0db012981336dfc30"}
,"/home/sowmga/Desktop/zemoso-training/blinkist/blinkist/src/components/molecules/normalCardBottom/index.tsx": {"path":"/home/sowmga/Desktop/zemoso-training/blinkist/blinkist/src/components/molecules/normalCardBottom/index.tsx","statementMap":{"0":{"start":{"line":6,"column":15},"end":{"line":54,"column":1}},"1":{"start":{"line":7,"column":20},"end":{"line":26,"column":4}},"2":{"start":{"line":27,"column":18},"end":{"line":27,"column":29}},"3":{"start":{"line":28,"column":2},"end":{"line":53,"column":4}}},"fnMap":{"0":{"name":"(anonymous_0)","decl":{"start":{"line":6,"column":15},"end":{"line":6,"column":16}},"loc":{"start":{"line":6,"column":21},"end":{"line":54,"column":1}},"line":6}},"branchMap":{},"s":{"0":6,"1":16,"2":16,"3":16},"f":{"0":16},"b":{},"_coverageSchema":"1a1c01bbd47fc00a2c39e90264f33305004495a9","hash":"474120c307c856167cd5d517cca573ca367a7a8d"}
,"/home/sowmga/Desktop/zemoso-training/blinkist/blinkist/src/components/organisms/Accounts/index.tsx": {"path":"/home/sowmga/Desktop/zemoso-training/blinkist/blinkist/src/components/organisms/Accounts/index.tsx","statementMap":{"0":{"start":{"line":8,"column":18},"end":{"line":24,"column":2}},"1":{"start":{"line":26,"column":18},"end":{"line":26,"column":29}},"2":{"start":{"line":27,"column":34},"end":{"line":29,"column":3}},"3":{"start":{"line":30,"column":15},"end":{"line":30,"column":32}},"4":{"start":{"line":31,"column":22},"end":{"line":33,"column":3}},"5":{"start":{"line":32,"column":4},"end":{"line":32,"column":37}},"6":{"start":{"line":34,"column":22},"end":{"line":36,"column":3}},"7":{"start":{"line":35,"column":4},"end":{"line":35,"column":22}},"8":{"start":{"line":37,"column":44},"end":{"line":37,"column":54}},"9":{"start":{"line":38,"column":2},"end":{"line":77,"column":4}}},"fnMap":{"0":{"name":"AccountMenu","decl":{"start":{"line":25,"column":24},"end":{"line":25,"column":35}},"loc":{"start":{"line":25,"column":38},"end":{"line":78,"column":1}},"line":25},"1":{"name":"(anonymous_1)","decl":{"start":{"line":31,"column":22},"end":{"line":31,"column":23}},"loc":{"start":{"line":31,"column":64},"end":{"line":33,"column":3}},"line":31},"2":{"name":"(anonymous_2)","decl":{"start":{"line":34,"column":22},"end":{"line":34,"column":23}},"loc":{"start":{"line":34,"column":28},"end":{"line":36,"column":3}},"line":34}},"branchMap":{"0":{"loc":{"start":{"line":46,"column":7},"end":{"line":58,"column":7}},"type":"cond-expr","locations":[{"start":{"line":47,"column":8},"end":{"line":55,"column":14}},{"start":{"line":57,"column":8},"end":{"line":57,"column":35}}],"line":46},"1":{"loc":{"start":{"line":68,"column":11},"end":{"line":73,"column":11}},"type":"binary-expr","locations":[{"start":{"line":68,"column":11},"end":{"line":68,"column":26}},{"start":{"line":69,"column":12},"end":{"line":72,"column":28}}],"line":68}},"s":{"0":5,"1":11,"2":11,"3":11,"4":11,"5":0,"6":11,"7":0,"8":11,"9":11},"f":{"0":11,"1":0,"2":0},"b":{"0":[0,11],"1":[11,0]},"_coverageSchema":"1a1c01bbd47fc00a2c39e90264f33305004495a9","hash":"186f728cf95b45e1013c0ad2da3415d69e93d49c"}
,"/home/sowmga/Desktop/zemoso-training/blinkist/blinkist/src/components/organisms/BookDetailOrganism/index.tsx": {"path":"/home/sowmga/Desktop/zemoso-training/blinkist/blinkist/src/components/organisms/BookDetailOrganism/index.tsx","statementMap":{"0":{"start":{"line":9,"column":18},"end":{"line":58,"column":2}},"1":{"start":{"line":69,"column":27},"end":{"line":245,"column":1}},"2":{"start":{"line":73,"column":19},"end":{"line":73,"column":32}},"3":{"start":{"line":74,"column":19},"end":{"line":74,"column":32}},"4":{"start":{"line":75,"column":14},"end":{"line":75,"column":28}},"5":{"start":{"line":76,"column":11},"end":{"line":76,"column":12}},"6":{"start":{"line":78,"column":2},"end":{"line":84,"column":7}},"7":{"start":{"line":81,"column":6},"end":{"line":83,"column":7}},"8":{"start":{"line":82,"column":8},"end":{"line":82,"column":22}},"9":{"start":{"line":86,"column":18},"end":{"line":86,"column":29}},"10":{"start":{"line":87,"column":13},"end":{"line":87,"column":15}},"11":{"start":{"line":88,"column":15},"end":{"line":88,"column":17}},"12":{"start":{"line":89,"column":17},"end":{"line":89,"column":19}},"13":{"start":{"line":90,"column":16},"end":{"line":90,"column":18}},"14":{"start":{"line":92,"column":2},"end":{"line":97,"column":3}},"15":{"start":{"line":93,"column":4},"end":{"line":93,"column":30}},"16":{"start":{"line":94,"column":4},"end":{"line":94,"column":39}},"17":{"start":{"line":95,"column":4},"end":{"line":95,"column":43}},"18":{"start":{"line":96,"column":4},"end":{"line":96,"column":41}},"19":{"start":{"line":98,"column":30},"end":{"line":98,"column":50}},"20":{"start":{"line":99,"column":23},"end":{"line":101,"column":3}},"21":{"start":{"line":100,"column":4},"end":{"line":100,"column":34}},"22":{"start":{"line":102,"column":21},"end":{"line":104,"column":3}},"23":{"start":{"line":103,"column":4},"end":{"line":103,"column":33}},"24":{"start":{"line":105,"column":21},"end":{"line":115,"column":3}},"25":{"start":{"line":106,"column":4},"end":{"line":114,"column":6}},"26":{"start":{"line":116,"column":2},"end":{"line":244,"column":4}},"27":{"start":{"line":150,"column":29},"end":{"line":150,"column":42}},"28":{"start":{"line":160,"column":16},"end":{"line":160,"column":38}},"29":{"start":{"line":169,"column":16},"end":{"line":169,"column":33}},"30":{"start":{"line":178,"column":16},"end":{"line":178,"column":35}}},"fnMap":{"0":{"name":"(anonymous_0)","decl":{"start":{"line":69,"column":27},"end":{"line":69,"column":28}},"loc":{"start":{"line":72,"column":6},"end":{"line":245,"column":1}},"line":72},"1":{"name":"(anonymous_1)","decl":{"start":{"line":80,"column":19},"end":{"line":80,"column":20}},"loc":{"start":{"line":80,"column":31},"end":{"line":84,"column":5}},"line":80},"2":{"name":"(anonymous_2)","decl":{"start":{"line":99,"column":23},"end":{"line":99,"column":24}},"loc":{"start":{"line":99,"column":29},"end":{"line":101,"column":3}},"line":99},"3":{"name":"(anonymous_3)","decl":{"start":{"line":102,"column":21},"end":{"line":102,"column":22}},"loc":{"start":{"line":102,"column":27},"end":{"line":104,"column":3}},"line":102},"4":{"name":"(anonymous_4)","decl":{"start":{"line":105,"column":21},"end":{"line":105,"column":22}},"loc":{"start":{"line":105,"column":40},"end":{"line":115,"column":3}},"line":105},"5":{"name":"(anonymous_5)","decl":{"start":{"line":150,"column":23},"end":{"line":150,"column":24}},"loc":{"start":{"line":150,"column":29},"end":{"line":150,"column":42}},"line":150},"6":{"name":"(anonymous_6)","decl":{"start":{"line":159,"column":23},"end":{"line":159,"column":24}},"loc":{"start":{"line":159,"column":29},"end":{"line":161,"column":15}},"line":159},"7":{"name":"(anonymous_7)","decl":{"start":{"line":168,"column":23},"end":{"line":168,"column":24}},"loc":{"start":{"line":168,"column":29},"end":{"line":170,"column":15}},"line":168},"8":{"name":"(anonymous_8)","decl":{"start":{"line":177,"column":23},"end":{"line":177,"column":24}},"loc":{"start":{"line":177,"column":29},"end":{"line":179,"column":15}},"line":177}},"branchMap":{"0":{"loc":{"start":{"line":78,"column":2},"end":{"line":84,"column":6}},"type":"binary-expr","locations":[{"start":{"line":78,"column":2},"end":{"line":78,"column":12}},{"start":{"line":80,"column":4},"end":{"line":84,"column":6}}],"line":78},"1":{"loc":{"start":{"line":81,"column":6},"end":{"line":83,"column":7}},"type":"if","locations":[{"start":{"line":81,"column":6},"end":{"line":83,"column":7}},{"start":{},"end":{}}],"line":81},"2":{"loc":{"start":{"line":92,"column":2},"end":{"line":97,"column":3}},"type":"if","locations":[{"start":{"line":92,"column":2},"end":{"line":97,"column":3}},{"start":{},"end":{}}],"line":92},"3":{"loc":{"start":{"line":119,"column":9},"end":{"line":128,"column":9}},"type":"binary-expr","locations":[{"start":{"line":119,"column":9},"end":{"line":119,"column":13}},{"start":{"line":120,"column":10},"end":{"line":127,"column":21}}],"line":119},"4":{"loc":{"start":{"line":191,"column":13},"end":{"line":193,"column":37}},"type":"cond-expr","locations":[{"start":{"line":192,"column":16},"end":{"line":192,"column":37}},{"start":{"line":193,"column":16},"end":{"line":193,"column":37}}],"line":191},"5":{"loc":{"start":{"line":194,"column":13},"end":{"line":196,"column":37}},"type":"cond-expr","locations":[{"start":{"line":195,"column":16},"end":{"line":195,"column":37}},{"start":{"line":196,"column":16},"end":{"line":196,"column":37}}],"line":194},"6":{"loc":{"start":{"line":197,"column":13},"end":{"line":199,"column":37}},"type":"cond-expr","locations":[{"start":{"line":198,"column":16},"end":{"line":198,"column":37}},{"start":{"line":199,"column":16},"end":{"line":199,"column":37}}],"line":197},"7":{"loc":{"start":{"line":202,"column":13},"end":{"line":217,"column":13}},"type":"cond-expr","locations":[{"start":{"line":203,"column":14},"end":{"line":214,"column":22}},{"start":{"line":216,"column":14},"end":{"line":216,"column":19}}],"line":202},"8":{"loc":{"start":{"line":218,"column":13},"end":{"line":228,"column":13}},"type":"cond-expr","locations":[{"start":{"line":219,"column":14},"end":{"line":225,"column":22}},{"start":{"line":227,"column":14},"end":{"line":227,"column":19}}],"line":218},"9":{"loc":{"start":{"line":229,"column":13},"end":{"line":239,"column":13}},"type":"cond-expr","locations":[{"start":{"line":230,"column":14},"end":{"line":236,"column":22}},{"start":{"line":238,"column":14},"end":{"line":238,"column":19}}],"line":229}},"s":{"0":3,"1":3,"2":13,"3":13,"4":13,"5":13,"6":13,"7":24,"8":0,"9":13,"10":13,"11":13,"12":13,"13":13,"14":13,"15":12,"16":12,"17":12,"18":12,"19":13,"20":13,"21":1,"22":13,"23":1,"24":13,"25":39,"26":13,"27":1,"28":1,"29":1,"30":1},"f":{"0":13,"1":24,"2":1,"3":1,"4":39,"5":1,"6":1,"7":1,"8":1},"b":{"0":[13,13],"1":[0,24],"2":[12,1],"3":[13,12],"4":[11,2],"5":[1,12],"6":[1,12],"7":[11,2],"8":[1,12],"9":[1,12]},"_coverageSchema":"1a1c01bbd47fc00a2c39e90264f33305004495a9","hash":"e202d3b3c6237b10fc897f97e0b172ea2ce0823c"}
,"/home/sowmga/Desktop/zemoso-training/blinkist/blinkist/src/components/organisms/EntrepreneurOrganism/index.tsx": {"path":"/home/sowmga/Desktop/zemoso-training/blinkist/blinkist/src/components/organisms/EntrepreneurOrganism/index.tsx","statementMap":{"0":{"start":{"line":14,"column":18},"end":{"line":30,"column":2}},"1":{"start":{"line":32,"column":29},"end":{"line":225,"column":1}},"2":{"start":{"line":33,"column":28},"end":{"line":33,"column":40}},"3":{"start":{"line":35,"column":18},"end":{"line":35,"column":29}},"4":{"start":{"line":36,"column":19},"end":{"line":36,"column":32}},"5":{"start":{"line":37,"column":23},"end":{"line":40,"column":3}},"6":{"start":{"line":38,"column":16},"end":{"line":38,"column":44}},"7":{"start":{"line":39,"column":4},"end":{"line":39,"column":18}},"8":{"start":{"line":41,"column":23},"end":{"line":43,"column":3}},"9":{"start":{"line":42,"column":4},"end":{"line":42,"column":59}},"10":{"start":{"line":45,"column":2},"end":{"line":224,"column":4}},"11":{"start":{"line":77,"column":40},"end":{"line":77,"column":59}},"12":{"start":{"line":79,"column":22},"end":{"line":114,"column":29}},"13":{"start":{"line":80,"column":39},"end":{"line":80,"column":54}},"14":{"start":{"line":125,"column":40},"end":{"line":125,"column":46}},"15":{"start":{"line":127,"column":22},"end":{"line":146,"column":29}},"16":{"start":{"line":128,"column":39},"end":{"line":128,"column":54}},"17":{"start":{"line":157,"column":40},"end":{"line":157,"column":47}},"18":{"start":{"line":159,"column":22},"end":{"line":178,"column":29}},"19":{"start":{"line":161,"column":39},"end":{"line":161,"column":54}},"20":{"start":{"line":190,"column":22},"end":{"line":191,"column":62}},"21":{"start":{"line":194,"column":20},"end":{"line":217,"column":27}},"22":{"start":{"line":203,"column":44},"end":{"line":203,"column":59}}},"fnMap":{"0":{"name":"(anonymous_0)","decl":{"start":{"line":32,"column":29},"end":{"line":32,"column":30}},"loc":{"start":{"line":32,"column":69},"end":{"line":225,"column":1}},"line":32},"1":{"name":"(anonymous_1)","decl":{"start":{"line":37,"column":23},"end":{"line":37,"column":24}},"loc":{"start":{"line":37,"column":67},"end":{"line":40,"column":3}},"line":37},"2":{"name":"(anonymous_2)","decl":{"start":{"line":41,"column":23},"end":{"line":41,"column":24}},"loc":{"start":{"line":41,"column":35},"end":{"line":43,"column":3}},"line":41},"3":{"name":"(anonymous_3)","decl":{"start":{"line":77,"column":28},"end":{"line":77,"column":29}},"loc":{"start":{"line":77,"column":40},"end":{"line":77,"column":59}},"line":77},"4":{"name":"(anonymous_4)","decl":{"start":{"line":78,"column":25},"end":{"line":78,"column":26}},"loc":{"start":{"line":79,"column":22},"end":{"line":114,"column":29}},"line":79},"5":{"name":"(anonymous_5)","decl":{"start":{"line":80,"column":33},"end":{"line":80,"column":34}},"loc":{"start":{"line":80,"column":39},"end":{"line":80,"column":54}},"line":80},"6":{"name":"(anonymous_6)","decl":{"start":{"line":125,"column":28},"end":{"line":125,"column":29}},"loc":{"start":{"line":125,"column":40},"end":{"line":125,"column":46}},"line":125},"7":{"name":"(anonymous_7)","decl":{"start":{"line":126,"column":25},"end":{"line":126,"column":26}},"loc":{"start":{"line":127,"column":22},"end":{"line":146,"column":29}},"line":127},"8":{"name":"(anonymous_8)","decl":{"start":{"line":128,"column":33},"end":{"line":128,"column":34}},"loc":{"start":{"line":128,"column":39},"end":{"line":128,"column":54}},"line":128},"9":{"name":"(anonymous_9)","decl":{"start":{"line":157,"column":28},"end":{"line":157,"column":29}},"loc":{"start":{"line":157,"column":40},"end":{"line":157,"column":47}},"line":157},"10":{"name":"(anonymous_10)","decl":{"start":{"line":158,"column":25},"end":{"line":158,"column":26}},"loc":{"start":{"line":159,"column":22},"end":{"line":178,"column":29}},"line":159},"11":{"name":"(anonymous_11)","decl":{"start":{"line":161,"column":33},"end":{"line":161,"column":34}},"loc":{"start":{"line":161,"column":39},"end":{"line":161,"column":54}},"line":161},"12":{"name":"(anonymous_12)","decl":{"start":{"line":189,"column":20},"end":{"line":189,"column":21}},"loc":{"start":{"line":190,"column":22},"end":{"line":191,"column":62}},"line":190},"13":{"name":"(anonymous_13)","decl":{"start":{"line":193,"column":23},"end":{"line":193,"column":24}},"loc":{"start":{"line":194,"column":20},"end":{"line":217,"column":27}},"line":194},"14":{"name":"(anonymous_14)","decl":{"start":{"line":203,"column":38},"end":{"line":203,"column":39}},"loc":{"start":{"line":203,"column":44},"end":{"line":203,"column":59}},"line":203}},"branchMap":{"0":{"loc":{"start":{"line":64,"column":9},"end":{"line":221,"column":9}},"type":"cond-expr","locations":[{"start":{"line":65,"column":10},"end":{"line":182,"column":16}},{"start":{"line":184,"column":10},"end":{"line":220,"column":16}}],"line":64},"1":{"loc":{"start":{"line":75,"column":17},"end":{"line":115,"column":22}},"type":"binary-expr","locations":[{"start":{"line":75,"column":17},"end":{"line":75,"column":27}},{"start":{"line":76,"column":18},"end":{"line":115,"column":22}}],"line":75},"2":{"loc":{"start":{"line":77,"column":40},"end":{"line":77,"column":59}},"type":"binary-expr","locations":[{"start":{"line":77,"column":40},"end":{"line":77,"column":47}},{"start":{"line":77,"column":51},"end":{"line":77,"column":59}}],"line":77},"3":{"loc":{"start":{"line":89,"column":25},"end":{"line":113,"column":25}},"type":"cond-expr","locations":[{"start":{"line":90,"column":26},"end":{"line":100,"column":32}},{"start":{"line":102,"column":26},"end":{"line":112,"column":32}}],"line":89},"4":{"loc":{"start":{"line":123,"column":17},"end":{"line":147,"column":22}},"type":"binary-expr","locations":[{"start":{"line":123,"column":17},"end":{"line":123,"column":27}},{"start":{"line":124,"column":18},"end":{"line":147,"column":22}}],"line":123},"5":{"loc":{"start":{"line":155,"column":17},"end":{"line":179,"column":22}},"type":"binary-expr","locations":[{"start":{"line":155,"column":17},"end":{"line":155,"column":27}},{"start":{"line":156,"column":18},"end":{"line":179,"column":22}}],"line":155},"6":{"loc":{"start":{"line":186,"column":15},"end":{"line":218,"column":20}},"type":"binary-expr","locations":[{"start":{"line":186,"column":15},"end":{"line":186,"column":25}},{"start":{"line":187,"column":16},"end":{"line":218,"column":20}}],"line":186},"7":{"loc":{"start":{"line":190,"column":22},"end":{"line":191,"column":62}},"type":"binary-expr","locations":[{"start":{"line":190,"column":22},"end":{"line":190,"column":64}},{"start":{"line":191,"column":22},"end":{"line":191,"column":62}}],"line":190},"8":{"loc":{"start":{"line":202,"column":23},"end":{"line":216,"column":23}},"type":"cond-expr","locations":[{"start":{"line":203,"column":24},"end":{"line":213,"column":30}},{"start":{"line":215,"column":24},"end":{"line":215,"column":29}}],"line":202}},"s":{"0":3,"1":3,"2":10,"3":10,"4":10,"5":10,"6":1,"7":1,"8":10,"9":4,"10":10,"11":32,"12":16,"13":2,"14":32,"15":8,"16":1,"17":32,"18":8,"19":1,"20":4,"21":1,"22":0},"f":{"0":10,"1":1,"2":4,"3":32,"4":16,"5":2,"6":32,"7":8,"8":1,"9":32,"10":8,"11":1,"12":4,"13":1,"14":0},"b":{"0":[9,1],"1":[9,9],"2":[32,24],"3":[8,8],"4":[9,9],"5":[9,9],"6":[1,1],"7":[4,4],"8":[0,1]},"_coverageSchema":"1a1c01bbd47fc00a2c39e90264f33305004495a9","hash":"16175beac2cc5bfc22eede7aaff010cd3451be3b"}
,"/home/sowmga/Desktop/zemoso-training/blinkist/blinkist/src/components/organisms/footer/index.tsx": {"path":"/home/sowmga/Desktop/zemoso-training/blinkist/blinkist/src/components/organisms/footer/index.tsx","statementMap":{"0":{"start":{"line":5,"column":15},"end":{"line":131,"column":1}},"1":{"start":{"line":6,"column":20},"end":{"line":34,"column":4}},"2":{"start":{"line":35,"column":15},"end":{"line":57,"column":3}},"3":{"start":{"line":36,"column":4},"end":{"line":43,"column":5}},"4":{"start":{"line":37,"column":6},"end":{"line":42,"column":8}},"5":{"start":{"line":44,"column":4},"end":{"line":56,"column":5}},"6":{"start":{"line":45,"column":6},"end":{"line":55,"column":8}},"7":{"start":{"line":58,"column":18},"end":{"line":58,"column":29}},"8":{"start":{"line":59,"column":2},"end":{"line":130,"column":4}}},"fnMap":{"0":{"name":"(anonymous_0)","decl":{"start":{"line":5,"column":15},"end":{"line":5,"column":16}},"loc":{"start":{"line":5,"column":21},"end":{"line":131,"column":1}},"line":5},"1":{"name":"(anonymous_1)","decl":{"start":{"line":35,"column":15},"end":{"line":35,"column":16}},"loc":{"start":{"line":35,"column":52},"end":{"line":57,"column":3}},"line":35}},"branchMap":{"0":{"loc":{"start":{"line":36,"column":4},"end":{"line":43,"column":5}},"type":"if","locations":[{"start":{"line":36,"column":4},"end":{"line":43,"column":5}},{"start":{},"end":{}}],"line":36},"1":{"loc":{"start":{"line":44,"column":4},"end":{"line":56,"column":5}},"type":"if","locations":[{"start":{"line":44,"column":4},"end":{"line":56,"column":5}},{"start":{},"end":{}}],"line":44}},"s":{"0":5,"1":4,"2":4,"3":20,"4":4,"5":16,"6":12,"7":4,"8":4},"f":{"0":4,"1":20},"b":{"0":[4,16],"1":[12,4]},"_coverageSchema":"1a1c01bbd47fc00a2c39e90264f33305004495a9","hash":"a8ea3510f162d01329f835ecf63c34c353256d17"}
,"/home/sowmga/Desktop/zemoso-training/blinkist/blinkist/src/components/organisms/header/index.tsx": {"path":"/home/sowmga/Desktop/zemoso-training/blinkist/blinkist/src/components/organisms/header/index.tsx","statementMap":{"0":{"start":{"line":11,"column":15},"end":{"line":122,"column":1}},"1":{"start":{"line":12,"column":28},"end":{"line":12,"column":43}},"2":{"start":{"line":13,"column":19},"end":{"line":13,"column":32}},"3":{"start":{"line":15,"column":4},"end":{"line":21,"column":13}},"4":{"start":{"line":24,"column":4},"end":{"line":28,"column":13}},"5":{"start":{"line":30,"column":20},"end":{"line":60,"column":4}},"6":{"start":{"line":61,"column":18},"end":{"line":61,"column":29}},"7":{"start":{"line":63,"column":2},"end":{"line":121,"column":4}},"8":{"start":{"line":69,"column":34},"end":{"line":69,"column":47}},"9":{"start":{"line":86,"column":18},"end":{"line":86,"column":58}},"10":{"start":{"line":99,"column":31},"end":{"line":99,"column":44}}},"fnMap":{"0":{"name":"(anonymous_0)","decl":{"start":{"line":11,"column":15},"end":{"line":11,"column":16}},"loc":{"start":{"line":11,"column":21},"end":{"line":122,"column":1}},"line":11},"1":{"name":"(anonymous_1)","decl":{"start":{"line":69,"column":28},"end":{"line":69,"column":29}},"loc":{"start":{"line":69,"column":34},"end":{"line":69,"column":47}},"line":69},"2":{"name":"(anonymous_2)","decl":{"start":{"line":85,"column":25},"end":{"line":85,"column":26}},"loc":{"start":{"line":86,"column":18},"end":{"line":86,"column":58}},"line":86},"3":{"name":"(anonymous_3)","decl":{"start":{"line":99,"column":25},"end":{"line":99,"column":26}},"loc":{"start":{"line":99,"column":31},"end":{"line":99,"column":44}},"line":99}},"branchMap":{"0":{"loc":{"start":{"line":86,"column":18},"end":{"line":86,"column":58}},"type":"cond-expr","locations":[{"start":{"line":86,"column":26},"end":{"line":86,"column":41}},{"start":{"line":86,"column":44},"end":{"line":86,"column":58}}],"line":86},"1":{"loc":{"start":{"line":95,"column":22},"end":{"line":95,"column":47}},"type":"cond-expr","locations":[{"start":{"line":95,"column":30},"end":{"line":95,"column":38}},{"start":{"line":95,"column":41},"end":{"line":95,"column":47}}],"line":95},"2":{"loc":{"start":{"line":113,"column":7},"end":{"line":119,"column":7}},"type":"cond-expr","locations":[{"start":{"line":114,"column":8},"end":{"line":116,"column":14}},{"start":{"line":118,"column":8},"end":{"line":118,"column":19}}],"line":113}},"s":{"0":5,"1":11,"2":11,"3":11,"4":11,"5":11,"6":11,"7":11,"8":1,"9":1,"10":1},"f":{"0":11,"1":1,"2":1,"3":1},"b":{"0":[0,1],"1":[1,10],"2":[1,10]},"_coverageSchema":"1a1c01bbd47fc00a2c39e90264f33305004495a9","hash":"2a43aafb05789363e01ddcbc4096a0b35d790c37"}
,"/home/sowmga/Desktop/zemoso-training/blinkist/blinkist/src/components/organisms/headerPopup/index.tsx": {"path":"/home/sowmga/Desktop/zemoso-training/blinkist/blinkist/src/components/organisms/headerPopup/index.tsx","statementMap":{"0":{"start":{"line":27,"column":20},"end":{"line":334,"column":1}},"1":{"start":{"line":28,"column":19},"end":{"line":28,"column":32}},"2":{"start":{"line":29,"column":20},"end":{"line":60,"column":4}},"3":{"start":{"line":61,"column":18},"end":{"line":61,"column":29}},"4":{"start":{"line":62,"column":2},"end":{"line":333,"column":4}},"5":{"start":{"line":103,"column":29},"end":{"line":103,"column":54}}},"fnMap":{"0":{"name":"(anonymous_0)","decl":{"start":{"line":27,"column":20},"end":{"line":27,"column":21}},"loc":{"start":{"line":27,"column":26},"end":{"line":334,"column":1}},"line":27},"1":{"name":"(anonymous_1)","decl":{"start":{"line":103,"column":23},"end":{"line":103,"column":24}},"loc":{"start":{"line":103,"column":29},"end":{"line":103,"column":54}},"line":103}},"branchMap":{},"s":{"0":6,"1":4,"2":4,"3":4,"4":4,"5":1},"f":{"0":4,"1":1},"b":{},"_coverageSchema":"1a1c01bbd47fc00a2c39e90264f33305004495a9","hash":"36dce60629705d9f3c8e34874d25f608a2484669"}
,"/home/sowmga/Desktop/zemoso-training/blinkist/blinkist/src/components/organisms/myLibrary/index.tsx": {"path":"/home/sowmga/Desktop/zemoso-training/blinkist/blinkist/src/components/organisms/myLibrary/index.tsx","statementMap":{"0":{"start":{"line":8,"column":18},"end":{"line":28,"column":2}},"1":{"start":{"line":39,"column":26},"end":{"line":189,"column":1}},"2":{"start":{"line":40,"column":18},"end":{"line":40,"column":29}},"3":{"start":{"line":41,"column":36},"end":{"line":41,"column":50}},"4":{"start":{"line":42,"column":34},"end":{"line":42,"column":49}},"5":{"start":{"line":44,"column":2},"end":{"line":53,"column":3}},"6":{"start":{"line":45,"column":4},"end":{"line":48,"column":6}},"7":{"start":{"line":50,"column":4},"end":{"line":52,"column":6}},"8":{"start":{"line":54,"column":19},"end":{"line":54,"column":32}},"9":{"start":{"line":55,"column":22},"end":{"line":59,"column":3}},"10":{"start":{"line":56,"column":4},"end":{"line":58,"column":7}},"11":{"start":{"line":60,"column":23},"end":{"line":83,"column":3}},"12":{"start":{"line":61,"column":4},"end":{"line":82,"column":6}},"13":{"start":{"line":70,"column":28},"end":{"line":70,"column":42}},"14":{"start":{"line":84,"column":2},"end":{"line":188,"column":4}},"15":{"start":{"line":100,"column":14},"end":{"line":100,"column":33}},"16":{"start":{"line":101,"column":14},"end":{"line":101,"column":33}},"17":{"start":{"line":127,"column":14},"end":{"line":127,"column":34}},"18":{"start":{"line":128,"column":14},"end":{"line":128,"column":32}},"19":{"start":{"line":174,"column":16},"end":{"line":176,"column":17}},"20":{"start":{"line":175,"column":18},"end":{"line":175,"column":64}},"21":{"start":{"line":177,"column":16},"end":{"line":179,"column":17}},"22":{"start":{"line":178,"column":18},"end":{"line":178,"column":67}},"23":{"start":{"line":180,"column":16},"end":{"line":182,"column":17}},"24":{"start":{"line":181,"column":18},"end":{"line":181,"column":53}}},"fnMap":{"0":{"name":"(anonymous_0)","decl":{"start":{"line":39,"column":26},"end":{"line":39,"column":27}},"loc":{"start":{"line":39,"column":69},"end":{"line":189,"column":1}},"line":39},"1":{"name":"(anonymous_1)","decl":{"start":{"line":55,"column":22},"end":{"line":55,"column":23}},"loc":{"start":{"line":55,"column":34},"end":{"line":59,"column":3}},"line":55},"2":{"name":"(anonymous_2)","decl":{"start":{"line":60,"column":23},"end":{"line":60,"column":24}},"loc":{"start":{"line":60,"column":49},"end":{"line":83,"column":3}},"line":60},"3":{"name":"(anonymous_3)","decl":{"start":{"line":70,"column":22},"end":{"line":70,"column":23}},"loc":{"start":{"line":70,"column":28},"end":{"line":70,"column":42}},"line":70},"4":{"name":"(anonymous_4)","decl":{"start":{"line":99,"column":21},"end":{"line":99,"column":22}},"loc":{"start":{"line":99,"column":27},"end":{"line":102,"column":13}},"line":99},"5":{"name":"(anonymous_5)","decl":{"start":{"line":126,"column":21},"end":{"line":126,"column":22}},"loc":{"start":{"line":126,"column":27},"end":{"line":129,"column":13}},"line":126},"6":{"name":"(anonymous_6)","decl":{"start":{"line":173,"column":29},"end":{"line":173,"column":30}},"loc":{"start":{"line":173,"column":41},"end":{"line":183,"column":15}},"line":173}},"branchMap":{"0":{"loc":{"start":{"line":44,"column":2},"end":{"line":53,"column":3}},"type":"if","locations":[{"start":{"line":44,"column":2},"end":{"line":53,"column":3}},{"start":{"line":49,"column":9},"end":{"line":53,"column":3}}],"line":44},"1":{"loc":{"start":{"line":107,"column":15},"end":{"line":119,"column":15}},"type":"cond-expr","locations":[{"start":{"line":108,"column":16},"end":{"line":112,"column":18}},{"start":{"line":114,"column":16},"end":{"line":118,"column":18}}],"line":107},"2":{"loc":{"start":{"line":132,"column":13},"end":{"line":144,"column":13}},"type":"cond-expr","locations":[{"start":{"line":133,"column":14},"end":{"line":137,"column":16}},{"start":{"line":139,"column":14},"end":{"line":143,"column":16}}],"line":132},"3":{"loc":{"start":{"line":150,"column":16},"end":{"line":152,"column":50}},"type":"cond-expr","locations":[{"start":{"line":151,"column":20},"end":{"line":151,"column":50}},{"start":{"line":152,"column":20},"end":{"line":152,"column":50}}],"line":150},"4":{"loc":{"start":{"line":158,"column":16},"end":{"line":160,"column":50}},"type":"cond-expr","locations":[{"start":{"line":159,"column":20},"end":{"line":159,"column":50}},{"start":{"line":160,"column":20},"end":{"line":160,"column":50}}],"line":158},"5":{"loc":{"start":{"line":171,"column":13},"end":{"line":183,"column":16}},"type":"binary-expr","locations":[{"start":{"line":171,"column":13},"end":{"line":171,"column":23}},{"start":{"line":173,"column":14},"end":{"line":183,"column":16}}],"line":171},"6":{"loc":{"start":{"line":174,"column":16},"end":{"line":176,"column":17}},"type":"if","locations":[{"start":{"line":174,"column":16},"end":{"line":176,"column":17}},{"start":{},"end":{}}],"line":174},"7":{"loc":{"start":{"line":175,"column":25},"end":{"line":175,"column":63}},"type":"binary-expr","locations":[{"start":{"line":175,"column":25},"end":{"line":175,"column":34}},{"start":{"line":175,"column":38},"end":{"line":175,"column":63}}],"line":175},"8":{"loc":{"start":{"line":177,"column":16},"end":{"line":179,"column":17}},"type":"if","locations":[{"start":{"line":177,"column":16},"end":{"line":179,"column":17}},{"start":{},"end":{}}],"line":177},"9":{"loc":{"start":{"line":177,"column":20},"end":{"line":177,"column":41}},"type":"binary-expr","locations":[{"start":{"line":177,"column":20},"end":{"line":177,"column":29}},{"start":{"line":177,"column":33},"end":{"line":177,"column":41}}],"line":177},"10":{"loc":{"start":{"line":178,"column":25},"end":{"line":178,"column":66}},"type":"binary-expr","locations":[{"start":{"line":178,"column":25},"end":{"line":178,"column":33}},{"start":{"line":178,"column":37},"end":{"line":178,"column":66}}],"line":178},"11":{"loc":{"start":{"line":180,"column":16},"end":{"line":182,"column":17}},"type":"if","locations":[{"start":{"line":180,"column":16},"end":{"line":182,"column":17}},{"start":{},"end":{}}],"line":180},"12":{"loc":{"start":{"line":180,"column":20},"end":{"line":180,"column":42}},"type":"binary-expr","locations":[{"start":{"line":180,"column":20},"end":{"line":180,"column":29}},{"start":{"line":180,"column":33},"end":{"line":180,"column":42}}],"line":180}},"s":{"0":3,"1":3,"2":9,"3":9,"4":9,"5":9,"6":8,"7":1,"8":9,"9":9,"10":3,"11":9,"12":23,"13":3,"14":9,"15":1,"16":1,"17":1,"18":1,"19":24,"20":8,"21":16,"22":2,"23":14,"24":14},"f":{"0":9,"1":3,"2":23,"3":3,"4":1,"5":1,"6":24},"b":{"0":[8,1],"1":[8,1],"2":[1,8],"3":[8,1],"4":[1,8],"5":[9,9],"6":[8,16],"7":[8,7],"8":[2,14],"9":[16,16],"10":[2,2],"11":[14,0],"12":[14,14]},"_coverageSchema":"1a1c01bbd47fc00a2c39e90264f33305004495a9","hash":"99d437b040a61b54404104c33985304873b65474"}
,"/home/sowmga/Desktop/zemoso-training/blinkist/blinkist/src/components/pages/BookDetailPage/index.tsx": {"path":"/home/sowmga/Desktop/zemoso-training/blinkist/blinkist/src/components/pages/BookDetailPage/index.tsx","statementMap":{"0":{"start":{"line":17,"column":23},"end":{"line":30,"column":1}},"1":{"start":{"line":18,"column":2},"end":{"line":29,"column":4}}},"fnMap":{"0":{"name":"(anonymous_0)","decl":{"start":{"line":17,"column":23},"end":{"line":17,"column":24}},"loc":{"start":{"line":17,"column":66},"end":{"line":30,"column":1}},"line":17}},"branchMap":{},"s":{"0":2,"1":1},"f":{"0":1},"b":{},"_coverageSchema":"1a1c01bbd47fc00a2c39e90264f33305004495a9","hash":"ab9eb05da46cdb49f837b1f1218d32b66f55bcd1"}
,"/home/sowmga/Desktop/zemoso-training/blinkist/blinkist/src/components/pages/MyLibrary/index.tsx": {"path":"/home/sowmga/Desktop/zemoso-training/blinkist/blinkist/src/components/pages/MyLibrary/index.tsx","statementMap":{"0":{"start":{"line":16,"column":18},"end":{"line":31,"column":1}},"1":{"start":{"line":17,"column":2},"end":{"line":30,"column":4}}},"fnMap":{"0":{"name":"(anonymous_0)","decl":{"start":{"line":16,"column":18},"end":{"line":16,"column":19}},"loc":{"start":{"line":16,"column":61},"end":{"line":31,"column":1}},"line":16}},"branchMap":{},"s":{"0":2,"1":1},"f":{"0":1},"b":{},"_coverageSchema":"1a1c01bbd47fc00a2c39e90264f33305004495a9","hash":"58f484e33301ff349ffc8065fa3fb403195b45a4"}
,"/home/sowmga/Desktop/zemoso-training/blinkist/blinkist/src/components/pages/enterpreuner/index.tsx": {"path":"/home/sowmga/Desktop/zemoso-training/blinkist/blinkist/src/components/pages/enterpreuner/index.tsx","statementMap":{"0":{"start":{"line":17,"column":25},"end":{"line":30,"column":1}},"1":{"start":{"line":18,"column":2},"end":{"line":29,"column":4}}},"fnMap":{"0":{"name":"(anonymous_0)","decl":{"start":{"line":17,"column":25},"end":{"line":17,"column":26}},"loc":{"start":{"line":17,"column":68},"end":{"line":30,"column":1}},"line":17}},"branchMap":{},"s":{"0":2,"1":1},"f":{"0":1},"b":{},"_coverageSchema":"1a1c01bbd47fc00a2c39e90264f33305004495a9","hash":"f99e89f3243d9b363d9415fe49ac4611abf53d53"}
,"/home/sowmga/Desktop/zemoso-training/blinkist/blinkist/src/components/templates/parent template/index.tsx": {"path":"/home/sowmga/Desktop/zemoso-training/blinkist/blinkist/src/components/templates/parent template/index.tsx","statementMap":{"0":{"start":{"line":4,"column":25},"end":{"line":23,"column":2}},"1":{"start":{"line":29,"column":23},"end":{"line":40,"column":1}},"2":{"start":{"line":30,"column":18},"end":{"line":30,"column":29}},"3":{"start":{"line":31,"column":2},"end":{"line":39,"column":4}}},"fnMap":{"0":{"name":"(anonymous_0)","decl":{"start":{"line":29,"column":23},"end":{"line":29,"column":24}},"loc":{"start":{"line":29,"column":43},"end":{"line":40,"column":1}},"line":29}},"branchMap":{},"s":{"0":4,"1":4,"2":3,"3":3},"f":{"0":3},"b":{},"_coverageSchema":"1a1c01bbd47fc00a2c39e90264f33305004495a9","hash":"59e552b1ab78161bb8d9cdf0cd2c9c5d0e629835"}
}
