TN:
SF:src/components/atoms/icons/index.tsx
FN:4,(anonymous_0)
FNF:1
FNH:1
FNDA:12,(anonymous_0)
DA:4,6
DA:5,12
LF:2
LH:2
BRF:0
BRH:0
end_of_record
TN:
SF:src/components/atoms/images/index.tsx
FN:7,(anonymous_0)
FNF:1
FNH:1
FNDA:42,(anonymous_0)
DA:7,11
DA:8,42
DA:12,42
LF:3
LH:3
BRF:0
BRH:0
end_of_record
TN:
SF:src/components/atoms/text/index.tsx
FN:14,(anonymous_0)
FNF:1
FNH:1
FNDA:561,(anonymous_0)
DA:14,15
DA:15,561
DA:23,561
DA:24,561
LF:4
LH:4
BRF:0
BRH:0
end_of_record
TN:
SF:src/components/molecules/BookDetail/index.tsx
FN:18,(anonymous_0)
FNF:1
FNH:1
FNDA:13,(anonymous_0)
DA:5,4
DA:18,4
DA:26,13
DA:27,13
DA:28,13
DA:29,13
LF:6
LH:6
BRF:0
BRH:0
end_of_record
TN:
SF:src/components/molecules/LogOUtButton/index.tsx
FN:8,(anonymous_0)
FNF:1
FNH:1
FNDA:1,(anonymous_0)
DA:8,6
DA:9,1
LF:2
LH:2
BRDA:10,0,0,1
BRDA:10,0,1,1
BRF:2
BRH:2
end_of_record
TN:
SF:src/components/molecules/LoginButton/index.tsx
FN:5,(anonymous_0)
FNF:1
FNH:1
FNDA:11,(anonymous_0)
DA:5,5
DA:6,11
DA:7,11
LF:3
LH:3
BRF:0
BRH:0
end_of_record
TN:
SF:src/components/molecules/ReadAgain/index.tsx
FN:4,(anonymous_0)
FNF:1
FNH:1
FNDA:3,(anonymous_0)
DA:4,6
DA:5,3
DA:18,3
DA:19,3
LF:4
LH:4
BRF:0
BRH:0
end_of_record
TN:
SF:src/components/molecules/banner/index.tsx
FN:24,(anonymous_0)
FNF:1
FNH:1
FNDA:13,(anonymous_0)
DA:5,4
DA:24,4
DA:25,13
DA:26,13
LF:4
LH:4
BRF:0
BRH:0
end_of_record
TN:
SF:src/components/molecules/bookCard/index.tsx
FN:63,(anonymous_0)
FNF:1
FNH:1
FNDA:59,(anonymous_0)
DA:19,6
DA:63,6
DA:64,59
DA:66,59
DA:67,16
DA:69,59
DA:70,15
DA:72,59
DA:73,3
DA:75,59
DA:76,25
DA:78,59
DA:79,59
DA:80,24
DA:93,59
LF:15
LH:15
BRDA:66,0,0,16
BRDA:66,0,1,43
BRDA:69,1,0,15
BRDA:69,1,1,44
BRDA:72,2,0,3
BRDA:72,2,1,56
BRDA:75,3,0,25
BRDA:75,3,1,34
BRDA:79,4,0,24
BRDA:79,4,1,35
BRF:10
BRH:10
end_of_record
TN:
SF:src/components/molecules/finished/index.tsx
FN:4,(anonymous_0)
FNF:1
FNH:1
FNDA:15,(anonymous_0)
DA:4,6
DA:5,15
DA:23,15
DA:24,15
LF:4
LH:4
BRF:0
BRH:0
end_of_record
TN:
SF:src/components/molecules/nonHoverButton/index.tsx
FN:6,(anonymous_0)
FNF:1
FNH:1
FNDA:25,(anonymous_0)
DA:6,6
DA:7,25
DA:29,25
DA:30,25
LF:4
LH:4
BRF:0
BRH:0
end_of_record
TN:
SF:src/components/molecules/normalCardBottom/index.tsx
FN:6,(anonymous_0)
FNF:1
FNH:1
FNDA:16,(anonymous_0)
DA:6,6
DA:7,16
DA:27,16
DA:28,16
LF:4
LH:4
BRF:0
BRH:0
end_of_record
TN:
SF:src/components/organisms/Accounts/index.tsx
FN:25,AccountMenu
FN:31,(anonymous_1)
FN:34,(anonymous_2)
FNF:3
FNH:1
FNDA:11,AccountMenu
FNDA:0,(anonymous_1)
FNDA:0,(anonymous_2)
DA:8,5
DA:26,11
DA:27,11
DA:30,11
DA:31,11
DA:32,0
DA:34,11
DA:35,0
DA:37,11
DA:38,11
LF:10
LH:8
BRDA:46,0,0,0
BRDA:46,0,1,11
BRDA:68,1,0,11
BRDA:68,1,1,0
BRF:4
BRH:2
end_of_record
TN:
SF:src/components/organisms/BookDetailOrganism/index.tsx
FN:69,(anonymous_0)
FN:80,(anonymous_1)
FN:99,(anonymous_2)
FN:102,(anonymous_3)
FN:105,(anonymous_4)
FN:150,(anonymous_5)
FN:159,(anonymous_6)
FN:168,(anonymous_7)
FN:177,(anonymous_8)
FNF:9
FNH:9
FNDA:13,(anonymous_0)
FNDA:24,(anonymous_1)
FNDA:1,(anonymous_2)
FNDA:1,(anonymous_3)
FNDA:39,(anonymous_4)
FNDA:1,(anonymous_5)
FNDA:1,(anonymous_6)
FNDA:1,(anonymous_7)
FNDA:1,(anonymous_8)
DA:9,3
DA:69,3
DA:73,13
DA:74,13
DA:75,13
DA:76,13
DA:78,13
DA:81,24
DA:82,0
DA:86,13
DA:87,13
DA:88,13
DA:89,13
DA:90,13
DA:92,13
DA:93,12
DA:94,12
DA:95,12
DA:96,12
DA:98,13
DA:99,13
DA:100,1
DA:102,13
DA:103,1
DA:105,13
DA:106,39
DA:116,13
DA:150,1
DA:160,1
DA:169,1
DA:178,1
LF:31
LH:30
BRDA:78,0,0,13
BRDA:78,0,1,13
BRDA:81,1,0,0
BRDA:81,1,1,24
BRDA:92,2,0,12
BRDA:92,2,1,1
BRDA:119,3,0,13
BRDA:119,3,1,12
BRDA:191,4,0,11
BRDA:191,4,1,2
BRDA:194,5,0,1
BRDA:194,5,1,12
BRDA:197,6,0,1
BRDA:197,6,1,12
BRDA:202,7,0,11
BRDA:202,7,1,2
BRDA:218,8,0,1
BRDA:218,8,1,12
BRDA:229,9,0,1
BRDA:229,9,1,12
BRF:20
BRH:19
end_of_record
TN:
SF:src/components/organisms/EntrepreneurOrganism/index.tsx
FN:32,(anonymous_0)
FN:37,(anonymous_1)
FN:41,(anonymous_2)
FN:77,(anonymous_3)
FN:78,(anonymous_4)
FN:80,(anonymous_5)
FN:125,(anonymous_6)
FN:126,(anonymous_7)
FN:128,(anonymous_8)
FN:157,(anonymous_9)
FN:158,(anonymous_10)
FN:161,(anonymous_11)
FN:189,(anonymous_12)
FN:193,(anonymous_13)
FN:203,(anonymous_14)
FNF:15
FNH:14
FNDA:10,(anonymous_0)
FNDA:1,(anonymous_1)
FNDA:4,(anonymous_2)
FNDA:32,(anonymous_3)
FNDA:16,(anonymous_4)
FNDA:2,(anonymous_5)
FNDA:32,(anonymous_6)
FNDA:8,(anonymous_7)
FNDA:1,(anonymous_8)
FNDA:32,(anonymous_9)
FNDA:8,(anonymous_10)
FNDA:1,(anonymous_11)
FNDA:4,(anonymous_12)
FNDA:1,(anonymous_13)
FNDA:0,(anonymous_14)
DA:14,3
DA:32,3
DA:33,10
DA:35,10
DA:36,10
DA:37,10
DA:38,1
DA:39,1
DA:41,10
DA:42,4
DA:45,10
DA:77,32
DA:79,16
DA:80,2
DA:125,32
DA:127,8
DA:128,1
DA:157,32
DA:159,8
DA:161,1
DA:190,4
DA:194,1
DA:203,0
LF:23
LH:22
BRDA:64,0,0,9
BRDA:64,0,1,1
BRDA:75,1,0,9
BRDA:75,1,1,9
BRDA:77,2,0,32
BRDA:77,2,1,24
BRDA:89,3,0,8
BRDA:89,3,1,8
BRDA:123,4,0,9
BRDA:123,4,1,9
BRDA:155,5,0,9
BRDA:155,5,1,9
BRDA:186,6,0,1
BRDA:186,6,1,1
BRDA:190,7,0,4
BRDA:190,7,1,4
BRDA:202,8,0,0
BRDA:202,8,1,1
BRF:18
BRH:17
end_of_record
TN:
SF:src/components/organisms/footer/index.tsx
FN:5,(anonymous_0)
FN:35,(anonymous_1)
FNF:2
FNH:2
FNDA:4,(anonymous_0)
FNDA:20,(anonymous_1)
DA:5,5
DA:6,4
DA:35,4
DA:36,20
DA:37,4
DA:44,16
DA:45,12
DA:58,4
DA:59,4
LF:9
LH:9
BRDA:36,0,0,4
BRDA:36,0,1,16
BRDA:44,1,0,12
BRDA:44,1,1,4
BRF:4
BRH:4
end_of_record
TN:
SF:src/components/organisms/header/index.tsx
FN:11,(anonymous_0)
FN:69,(anonymous_1)
FN:85,(anonymous_2)
FN:99,(anonymous_3)
FNF:4
FNH:4
FNDA:11,(anonymous_0)
FNDA:1,(anonymous_1)
FNDA:1,(anonymous_2)
FNDA:1,(anonymous_3)
DA:11,5
DA:12,11
DA:13,11
DA:15,11
DA:24,11
DA:30,11
DA:61,11
DA:63,11
DA:69,1
DA:86,1
DA:99,1
LF:11
LH:11
BRDA:86,0,0,0
BRDA:86,0,1,1
BRDA:95,1,0,1
BRDA:95,1,1,10
BRDA:113,2,0,1
BRDA:113,2,1,10
BRF:6
BRH:5
end_of_record
TN:
SF:src/components/organisms/headerPopup/index.tsx
FN:27,(anonymous_0)
FN:103,(anonymous_1)
FNF:2
FNH:2
FNDA:4,(anonymous_0)
FNDA:1,(anonymous_1)
DA:27,6
DA:28,4
DA:29,4
DA:61,4
DA:62,4
DA:103,1
LF:6
LH:6
BRF:0
BRH:0
end_of_record
TN:
SF:src/components/organisms/myLibrary/index.tsx
FN:39,(anonymous_0)
FN:55,(anonymous_1)
FN:60,(anonymous_2)
FN:70,(anonymous_3)
FN:99,(anonymous_4)
FN:126,(anonymous_5)
FN:173,(anonymous_6)
FNF:7
FNH:7
FNDA:9,(anonymous_0)
FNDA:3,(anonymous_1)
FNDA:23,(anonymous_2)
FNDA:3,(anonymous_3)
FNDA:1,(anonymous_4)
FNDA:1,(anonymous_5)
FNDA:24,(anonymous_6)
DA:8,3
DA:39,3
DA:40,9
DA:41,9
DA:42,9
DA:44,9
DA:45,8
DA:50,1
DA:54,9
DA:55,9
DA:56,3
DA:60,9
DA:61,23
DA:70,3
DA:84,9
DA:100,1
DA:101,1
DA:127,1
DA:128,1
DA:174,24
DA:175,8
DA:177,16
DA:178,2
DA:180,14
DA:181,14
LF:25
LH:25
BRDA:44,0,0,8
BRDA:44,0,1,1
BRDA:107,1,0,8
BRDA:107,1,1,1
BRDA:132,2,0,1
BRDA:132,2,1,8
BRDA:150,3,0,8
BRDA:150,3,1,1
BRDA:158,4,0,1
BRDA:158,4,1,8
BRDA:171,5,0,9
BRDA:171,5,1,9
BRDA:174,6,0,8
BRDA:174,6,1,16
BRDA:175,7,0,8
BRDA:175,7,1,7
BRDA:177,8,0,2
BRDA:177,8,1,14
BRDA:177,9,0,16
BRDA:177,9,1,16
BRDA:178,10,0,2
BRDA:178,10,1,2
BRDA:180,11,0,14
BRDA:180,11,1,0
BRDA:180,12,0,14
BRDA:180,12,1,14
BRF:26
BRH:25
end_of_record
TN:
SF:src/components/pages/BookDetailPage/index.tsx
FN:17,(anonymous_0)
FNF:1
FNH:1
FNDA:1,(anonymous_0)
DA:17,2
DA:18,1
LF:2
LH:2
BRF:0
BRH:0
end_of_record
TN:
SF:src/components/pages/MyLibrary/index.tsx
FN:16,(anonymous_0)
FNF:1
FNH:1
FNDA:1,(anonymous_0)
DA:16,2
DA:17,1
LF:2
LH:2
BRF:0
BRH:0
end_of_record
TN:
SF:src/components/pages/enterpreuner/index.tsx
FN:17,(anonymous_0)
FNF:1
FNH:1
FNDA:1,(anonymous_0)
DA:17,2
DA:18,1
LF:2
LH:2
BRF:0
BRH:0
end_of_record
TN:
SF:src/components/templates/parent template/index.tsx
FN:29,(anonymous_0)
FNF:1
FNH:1
FNDA:3,(anonymous_0)
DA:4,4
DA:29,4
DA:30,3
DA:31,3
LF:4
LH:4
BRF:0
BRH:0
end_of_record
