TN:
SF:src/components/atoms/icons/index.tsx
FN:4,(anonymous_0)
FNF:1
FNH:1
FNDA:19,(anonymous_0)
DA:4,6
DA:5,19
LF:2
LH:2
BRF:0
BRH:0
end_of_record
TN:
SF:src/components/atoms/images/index.tsx
FN:7,(anonymous_0)
FNF:1
FNH:1
FNDA:39,(anonymous_0)
DA:7,11
DA:8,39
DA:12,39
LF:3
LH:3
BRF:0
BRH:0
end_of_record
TN:
SF:src/components/atoms/text/index.tsx
FN:14,(anonymous_0)
FNF:1
FNH:1
FNDA:504,(anonymous_0)
DA:14,14
DA:15,504
DA:23,504
DA:24,504
LF:4
LH:4
BRF:0
BRH:0
end_of_record
TN:
SF:src/components/molecules/BookDetail/index.tsx
FN:19,(anonymous_0)
FNF:1
FNH:1
FNDA:13,(anonymous_0)
DA:5,4
DA:19,4
DA:27,13
DA:28,13
DA:29,13
DA:30,13
DA:31,13
LF:7
LH:7
BRF:0
BRH:0
end_of_record
TN:
SF:src/components/molecules/ReadAgain/index.tsx
FN:4,(anonymous_0)
FNF:1
FNH:1
FNDA:3,(anonymous_0)
DA:4,6
DA:5,3
DA:19,3
DA:20,3
LF:4
LH:4
BRF:0
BRH:0
end_of_record
TN:
SF:src/components/molecules/banner/index.tsx
FN:27,(anonymous_0)
FNF:1
FNH:1
FNDA:12,(anonymous_0)
DA:5,4
DA:27,4
DA:28,12
DA:29,12
LF:4
LH:4
BRF:0
BRH:0
end_of_record
TN:
SF:src/components/molecules/bookCard/index.tsx
FN:65,(anonymous_0)
FNF:1
FNH:1
FNDA:48,(anonymous_0)
DA:19,6
DA:65,6
DA:66,48
DA:68,48
DA:69,8
DA:71,48
DA:72,15
DA:74,48
DA:75,3
DA:77,48
DA:78,22
DA:80,48
DA:81,48
DA:82,14
DA:91,48
LF:15
LH:15
BRDA:68,0,0,8
BRDA:68,0,1,40
BRDA:71,1,0,15
BRDA:71,1,1,33
BRDA:74,2,0,3
BRDA:74,2,1,45
BRDA:77,3,0,22
BRDA:77,3,1,26
BRDA:81,4,0,14
BRDA:81,4,1,34
BRF:10
BRH:10
end_of_record
TN:
SF:src/components/molecules/finished/index.tsx
FN:4,(anonymous_0)
FNF:1
FNH:1
FNDA:15,(anonymous_0)
DA:4,6
DA:5,15
DA:23,15
DA:24,15
LF:4
LH:4
BRF:0
BRH:0
end_of_record
TN:
SF:src/components/molecules/nonHoverButton/index.tsx
FN:6,(anonymous_0)
FNF:1
FNH:1
FNDA:22,(anonymous_0)
DA:6,6
DA:7,22
DA:29,22
DA:30,22
LF:4
LH:4
BRF:0
BRH:0
end_of_record
TN:
SF:src/components/molecules/normalCardBottom/index.tsx
FN:6,(anonymous_0)
FNF:1
FNH:1
FNDA:8,(anonymous_0)
DA:6,6
DA:7,8
DA:29,8
DA:30,8
LF:4
LH:4
BRF:0
BRH:0
end_of_record
TN:
SF:src/components/organisms/BookDetailOrganism/index.tsx
FN:69,(anonymous_0)
FN:80,(anonymous_1)
FN:100,(anonymous_2)
FN:103,(anonymous_3)
FN:140,(anonymous_4)
FN:149,(anonymous_5)
FN:158,(anonymous_6)
FN:167,(anonymous_7)
FNF:8
FNH:8
FNDA:13,(anonymous_0)
FNDA:24,(anonymous_1)
FNDA:1,(anonymous_2)
FNDA:1,(anonymous_3)
FNDA:1,(anonymous_4)
FNDA:1,(anonymous_5)
FNDA:1,(anonymous_6)
FNDA:1,(anonymous_7)
DA:9,3
DA:69,3
DA:73,13
DA:74,13
DA:75,13
DA:76,13
DA:78,13
DA:81,24
DA:82,0
DA:86,13
DA:87,13
DA:88,13
DA:89,13
DA:90,13
DA:92,13
DA:93,12
DA:94,12
DA:95,12
DA:96,12
DA:98,13
DA:99,13
DA:100,13
DA:101,1
DA:103,13
DA:104,1
DA:106,13
DA:140,1
DA:150,1
DA:159,1
DA:168,1
LF:30
LH:29
BRDA:78,0,0,13
BRDA:78,0,1,13
BRDA:81,1,0,0
BRDA:81,1,1,24
BRDA:92,2,0,12
BRDA:92,2,1,1
BRDA:109,3,0,13
BRDA:109,3,1,12
BRDA:181,4,0,11
BRDA:181,4,1,2
BRDA:198,5,0,1
BRDA:198,5,1,12
BRDA:215,6,0,1
BRDA:215,6,1,12
BRDA:234,7,0,11
BRDA:234,7,1,2
BRDA:250,8,0,1
BRDA:250,8,1,12
BRDA:261,9,0,1
BRDA:261,9,1,12
BRF:20
BRH:19
end_of_record
TN:
SF:src/components/organisms/EntrepreneurOrganism/index.tsx
FN:32,(anonymous_0)
FN:37,(anonymous_1)
FN:42,(anonymous_2)
FN:78,(anonymous_3)
FN:79,(anonymous_4)
FN:81,(anonymous_5)
FN:126,(anonymous_6)
FN:127,(anonymous_7)
FN:129,(anonymous_8)
FN:158,(anonymous_9)
FN:159,(anonymous_10)
FN:162,(anonymous_11)
FN:190,(anonymous_12)
FN:194,(anonymous_13)
FN:204,(anonymous_14)
FNF:15
FNH:13
FNDA:9,(anonymous_0)
FNDA:1,(anonymous_1)
FNDA:3,(anonymous_2)
FNDA:21,(anonymous_3)
FNDA:7,(anonymous_4)
FNDA:1,(anonymous_5)
FNDA:21,(anonymous_6)
FNDA:7,(anonymous_7)
FNDA:1,(anonymous_8)
FNDA:21,(anonymous_9)
FNDA:7,(anonymous_10)
FNDA:1,(anonymous_11)
FNDA:3,(anonymous_12)
FNDA:0,(anonymous_13)
FNDA:0,(anonymous_14)
DA:14,3
DA:32,3
DA:33,9
DA:35,9
DA:36,9
DA:37,9
DA:38,1
DA:39,1
DA:40,1
DA:42,9
DA:43,3
DA:46,9
DA:78,21
DA:80,7
DA:81,1
DA:126,21
DA:128,7
DA:129,1
DA:158,21
DA:160,7
DA:162,1
DA:191,3
DA:195,0
DA:204,0
LF:24
LH:22
BRDA:65,0,0,8
BRDA:65,0,1,1
BRDA:76,1,0,8
BRDA:76,1,1,8
BRDA:78,2,0,21
BRDA:78,2,1,14
BRDA:90,3,0,7
BRDA:90,3,1,0
BRDA:124,4,0,8
BRDA:124,4,1,8
BRDA:156,5,0,8
BRDA:156,5,1,8
BRDA:187,6,0,1
BRDA:187,6,1,1
BRDA:191,7,0,3
BRDA:191,7,1,3
BRDA:203,8,0,0
BRDA:203,8,1,0
BRF:18
BRH:15
end_of_record
TN:
SF:src/components/organisms/footer/index.tsx
FN:5,(anonymous_0)
FNF:1
FNH:1
FNDA:4,(anonymous_0)
DA:5,5
DA:6,4
DA:35,4
DA:36,4
LF:4
LH:4
BRF:0
BRH:0
end_of_record
TN:
SF:src/components/organisms/header/index.tsx
FN:11,(anonymous_0)
FN:69,(anonymous_1)
FN:85,(anonymous_2)
FNF:3
FNH:3
FNDA:9,(anonymous_0)
FNDA:1,(anonymous_1)
FNDA:1,(anonymous_2)
DA:11,5
DA:12,9
DA:13,9
DA:15,9
DA:24,9
DA:30,9
DA:61,9
DA:63,9
DA:69,1
DA:86,1
LF:10
LH:10
BRDA:86,0,0,0
BRDA:86,0,1,1
BRDA:95,1,0,1
BRDA:95,1,1,8
BRDA:121,2,0,1
BRDA:121,2,1,8
BRF:6
BRH:5
end_of_record
TN:
SF:src/components/organisms/headerPopup/index.tsx
FN:27,(anonymous_0)
FN:103,(anonymous_1)
FNF:2
FNH:2
FNDA:4,(anonymous_0)
FNDA:1,(anonymous_1)
DA:27,6
DA:28,4
DA:29,4
DA:61,4
DA:62,4
DA:103,1
LF:6
LH:6
BRF:0
BRH:0
end_of_record
TN:
SF:src/components/organisms/myLibrary/index.tsx
FN:39,(anonymous_0)
FN:55,(anonymous_1)
FN:76,(anonymous_2)
FN:103,(anonymous_3)
FN:150,(anonymous_4)
FN:163,(anonymous_5)
FN:192,(anonymous_6)
FN:220,(anonymous_7)
FNF:8
FNH:7
FNDA:10,(anonymous_0)
FNDA:3,(anonymous_1)
FNDA:1,(anonymous_2)
FNDA:1,(anonymous_3)
FNDA:24,(anonymous_4)
FNDA:1,(anonymous_5)
FNDA:0,(anonymous_6)
FNDA:2,(anonymous_7)
DA:8,3
DA:39,3
DA:40,10
DA:41,9
DA:42,9
DA:44,9
DA:45,8
DA:50,1
DA:54,9
DA:55,9
DA:56,3
DA:57,3
DA:61,9
DA:77,1
DA:78,1
DA:104,1
DA:105,1
DA:151,24
DA:152,8
DA:163,1
DA:180,16
DA:181,2
DA:192,0
DA:209,14
DA:210,14
DA:220,2
LF:26
LH:25
BRDA:44,0,0,8
BRDA:44,0,1,1
BRDA:84,1,0,8
BRDA:84,1,1,1
BRDA:109,2,0,1
BRDA:109,2,1,8
BRDA:127,3,0,8
BRDA:127,3,1,1
BRDA:135,4,0,1
BRDA:135,4,1,8
BRDA:148,5,0,9
BRDA:148,5,1,9
BRDA:151,6,0,8
BRDA:151,6,1,16
BRDA:153,7,0,8
BRDA:153,7,1,7
BRDA:180,8,0,2
BRDA:180,8,1,14
BRDA:180,9,0,16
BRDA:180,9,1,16
BRDA:182,10,0,2
BRDA:182,10,1,2
BRDA:209,11,0,14
BRDA:209,11,1,0
BRDA:209,12,0,14
BRDA:209,12,1,14
BRF:26
BRH:25
end_of_record
TN:
SF:src/components/pages/BookDetailPage/index.tsx
FN:17,(anonymous_0)
FNF:1
FNH:1
FNDA:1,(anonymous_0)
DA:17,2
DA:18,1
LF:2
LH:2
BRF:0
BRH:0
end_of_record
TN:
SF:src/components/pages/MyLibrary/index.tsx
FN:16,(anonymous_0)
FNF:1
FNH:1
FNDA:1,(anonymous_0)
DA:16,2
DA:17,1
LF:2
LH:2
BRF:0
BRH:0
end_of_record
TN:
SF:src/components/pages/enterpreuner/index.tsx
FN:17,(anonymous_0)
FNF:1
FNH:1
FNDA:1,(anonymous_0)
DA:17,2
DA:18,1
LF:2
LH:2
BRF:0
BRH:0
end_of_record
TN:
SF:src/components/templates/BookDetailTemplate/index.tsx
FN:29,(anonymous_0)
FNF:1
FNH:1
FNDA:1,(anonymous_0)
DA:4,1
DA:29,1
DA:30,1
DA:31,1
LF:4
LH:4
BRF:0
BRH:0
end_of_record
TN:
SF:src/components/templates/EntrepreneurTemplate/index.tsx
FN:29,(anonymous_0)
FNF:1
FNH:1
FNDA:2,(anonymous_0)
DA:4,3
DA:29,3
DA:30,2
DA:31,2
LF:4
LH:4
BRF:0
BRH:0
end_of_record
TN:
SF:src/components/templates/HomePage/index.tsx
FN:29,(anonymous_0)
FNF:1
FNH:1
FNDA:1,(anonymous_0)
DA:4,2
DA:29,2
DA:30,1
DA:31,1
LF:4
LH:4
BRF:0
BRH:0
end_of_record
